[ 2016-06-16T15:01:32+08:00 ] ::1 /share/index.php/%E6%A8%A1%E5%9D%97/%E6%8E%A7%E5%88%B6%E5%99%A8/ueditor.html?action=config&&noCache=1466060492279
INFO: [ app_init ] --START--
INFO: Run Behavior\BuildLiteBehavior [ RunTime:0.000024s ]
INFO: [ app_init ] --END-- [ RunTime:0.000446s ]
ERR: 无法加载模块:模块

[ 2016-06-16T15:02:02+08:00 ] ::1 /share/index.php/%E6%A8%A1%E5%9D%97/%E6%8E%A7%E5%88%B6%E5%99%A8/ueditor.html?action=config&&noCache=1466060522083
INFO: [ app_init ] --START--
INFO: Run Behavior\BuildLiteBehavior [ RunTime:0.000024s ]
INFO: [ app_init ] --END-- [ RunTime:0.000447s ]
ERR: 无法加载模块:模块

[ 2016-06-16T15:02:41+08:00 ] ::1 /share/index.php/%E6%A8%A1%E5%9D%97/%E6%8E%A7%E5%88%B6%E5%99%A8/ueditor.html?action=config&&noCache=1466060561871
INFO: [ app_init ] --START--
INFO: Run Behavior\BuildLiteBehavior [ RunTime:0.000024s ]
INFO: [ app_init ] --END-- [ RunTime:0.000456s ]
ERR: 无法加载模块:模块

[ 2016-06-16T15:03:44+08:00 ] ::1 /share/index.php/%E6%A8%A1%E5%9D%97/%E6%8E%A7%E5%88%B6%E5%99%A8/ueditor.html?action=config&&noCache=1466060624336
INFO: [ app_init ] --START--
INFO: Run Behavior\BuildLiteBehavior [ RunTime:0.000040s ]
INFO: [ app_init ] --END-- [ RunTime:0.000710s ]
ERR: 无法加载模块:模块

[ 2016-06-16T15:04:23+08:00 ] ::1 /share/index.php/%E6%A8%A1%E5%9D%97/%E6%8E%A7%E5%88%B6%E5%99%A8/ueditor.html?action=config&&noCache=1466060663662
ERR: 无法加载模块:模块

