[ 2016-06-18T10:41:11+08:00 ] ::1 /share/index.php/HomeWorks/works/id/65
INFO: [ app_init ] --START--
INFO: Run Behavior\BuildLiteBehavior [ RunTime:0.000016s ]
INFO: [ app_init ] --END-- [ RunTime:0.000348s ]
ERR: 无法加载模块:HomeWorks

[ 2016-06-18T10:41:31+08:00 ] ::1 /share/index.php/HomeWorks/works/id/65
INFO: [ app_init ] --START--
INFO: Run Behavior\BuildLiteBehavior [ RunTime:0.000028s ]
INFO: [ app_init ] --END-- [ RunTime:0.000562s ]
ERR: 无法加载模块:HomeWorks

[ 2016-06-18T17:15:56+08:00 ] ::1 /share/index.php/share/index.php/Home/Index/index.html.html
INFO: [ app_init ] --START--
INFO: Run Behavior\BuildLiteBehavior [ RunTime:0.000026s ]
INFO: [ app_init ] --END-- [ RunTime:0.000545s ]
ERR: 无法加载模块:Share

[ 2016-06-18T17:16:11+08:00 ] ::1 /share/index.php/share/index.php/Home/Index/index.html.html
INFO: [ app_init ] --START--
INFO: Run Behavior\BuildLiteBehavior [ RunTime:0.000027s ]
INFO: [ app_init ] --END-- [ RunTime:0.000467s ]
ERR: 无法加载模块:Share

[ 2016-06-18T23:34:22+08:00 ] ::1 /share/index.php/share/index.php/Home.Public/SearchArt.html
INFO: [ app_init ] --START--
INFO: Run Behavior\BuildLiteBehavior [ RunTime:0.000014s ]
INFO: [ app_init ] --END-- [ RunTime:0.000346s ]
ERR: 无法加载模块:Share

[ 2016-06-18T23:34:46+08:00 ] ::1 /share/index.php/share/index.php/Home.Public/SearchArt.html
INFO: [ app_init ] --START--
INFO: Run Behavior\BuildLiteBehavior [ RunTime:0.000016s ]
INFO: [ app_init ] --END-- [ RunTime:0.000442s ]
ERR: 无法加载模块:Share

[ 2016-06-18T23:34:54+08:00 ] ::1 /share/index.php/share/index.php/Home.Public/SearchArt.html
INFO: [ app_init ] --START--
INFO: Run Behavior\BuildLiteBehavior [ RunTime:0.000016s ]
INFO: [ app_init ] --END-- [ RunTime:0.000397s ]
ERR: 无法加载模块:Share

