[ 2016-06-13T22:21:13+08:00 ] ::1 /share/index.php/Home/Index/user.html
ERR: 非法操作:user

[ 2016-06-13T22:21:13+08:00 ] ::1 /share/index.php/Home/Index/user.html
ERR: 非法操作:user

[ 2016-06-13T22:25:21+08:00 ] ::1 /share/index.php/Home/Essay/category.html
ERR: 非法操作:category

[ 2016-06-13T22:25:24+08:00 ] ::1 /share/index.php/Home/Essay/category.html
ERR: 非法操作:category

[ 2016-06-13T22:28:50+08:00 ] ::1 /share/index.php/Home/Essay/about.html
ERR: 非法操作:about

[ 2016-06-13T22:32:01+08:00 ] ::1 /share/index.php/Home/Index/essay.html
ERR: 非法操作:essay

[ 2016-06-13T22:36:01+08:00 ] ::1 /share/index.php/Home/Ksy/index.html
ERR: 模板不存在:./Application/Home/View/Ksy/index.html

[ 2016-06-13T22:36:04+08:00 ] ::1 /share/index.php/Home/Ksy/index.html
ERR: 模板不存在:./Application/Home/View/Ksy/index.html

[ 2016-06-13T22:36:32+08:00 ] ::1 /share/index.php/Home/Ksy/index.html
ERR: 模板不存在:./Application/Home/View/Ksy/index.html

[ 2016-06-13T22:36:37+08:00 ] ::1 /share/index.php/Home/Ksq/index.html
ERR: 无法加载控制器:Ksq

[ 2016-06-13T22:36:49+08:00 ] ::1 /share/index.php/Home/Ksq/index.html
ERR: 无法加载控制器:Ksq

[ 2016-06-13T22:36:53+08:00 ] ::1 /share/index.php/Home/Ksq/index.html
ERR: 无法加载控制器:Ksq

[ 2016-06-13T22:36:57+08:00 ] ::1 /share/index.php/Home/Ksq/index.html
ERR: 无法加载控制器:Ksq

[ 2016-06-13T22:41:54+08:00 ] ::1 /share/index.php/Home/Ksq/recruit.html
ERR: 非法操作:recruit

[ 2016-06-13T22:49:22+08:00 ] ::1 /share/index.php/Home/Essay/personal.html
ERR: 非法操作:personal

[ 2016-06-13T22:53:10+08:00 ] ::1 /share/index.php/Home/Zhaop/about.html
ERR: 非法操作:about

[ 2016-06-13T22:53:25+08:00 ] ::1 /share/index.php/Home/Zhaop/about.html
ERR: 非法操作:about

[ 2016-06-13T22:55:08+08:00 ] ::1 /share/index.php/Home/Zhaop/about.html
ERR: 非法操作:about

[ 2016-06-13T22:55:09+08:00 ] ::1 /share/index.php/Home/Zhaop/about.html
ERR: 非法操作:about

[ 2016-06-13T22:55:15+08:00 ] ::1 /share/index.php/Home/Zhaop/about.html
ERR: 非法操作:about

