[ 2016-06-17T00:06:02+08:00 ] ::1 /share/index.php/Home/User/infoEdit
INFO: [ app_init ] --START--
INFO: Run Behavior\BuildLiteBehavior [ RunTime:0.000052s ]
INFO: [ app_init ] --END-- [ RunTime:0.013226s ]
INFO: [ app_begin ] --START--
INFO: Run Behavior\ReadHtmlCacheBehavior [ RunTime:0.001845s ]
INFO: [ app_begin ] --END-- [ RunTime:0.002097s ]
SQL: SHOW COLUMNS FROM `t_user` [ RunTime:0.0278s ]
SQL: SELECT * FROM `t_user` WHERE ( loginid = '1' )  [ RunTime:0.0009s ]
INFO: [ view_parse ] --START--
INFO: [ template_filter ] --START--
INFO: Run Behavior\ContentReplaceBehavior [ RunTime:0.001663s ]
INFO: [ template_filter ] --END-- [ RunTime:0.001910s ]
INFO: Run Behavior\ParseTemplateBehavior [ RunTime:0.130745s ]
INFO: [ view_parse ] --END-- [ RunTime:0.130995s ]
INFO: [ view_filter ] --START--
INFO: Run Behavior\WriteHtmlCacheBehavior [ RunTime:0.030463s ]
INFO: [ view_filter ] --END-- [ RunTime:0.030691s ]
INFO: [ app_end ] --START--
INFO: Run Behavior\ShowPageTraceBehavior [ RunTime:0.021744s ]
INFO: [ app_end ] --END-- [ RunTime:0.022130s ]

[ 2016-06-17T00:06:16+08:00 ] ::1 /share/index.php/Home/User/pshWorksPag.html
INFO: [ app_init ] --START--
INFO: Run Behavior\BuildLiteBehavior [ RunTime:0.000049s ]
INFO: [ app_init ] --END-- [ RunTime:0.000937s ]
INFO: [ app_begin ] --START--
INFO: Run Behavior\ReadHtmlCacheBehavior [ RunTime:0.001389s ]
INFO: [ app_begin ] --END-- [ RunTime:0.001644s ]
INFO: [ view_parse ] --START--
INFO: [ template_filter ] --START--
INFO: Run Behavior\ContentReplaceBehavior [ RunTime:0.000341s ]
INFO: [ template_filter ] --END-- [ RunTime:0.000606s ]
INFO: Run Behavior\ParseTemplateBehavior [ RunTime:0.034487s ]
INFO: [ view_parse ] --END-- [ RunTime:0.034730s ]
INFO: [ view_filter ] --START--
INFO: Run Behavior\WriteHtmlCacheBehavior [ RunTime:0.000879s ]
INFO: [ view_filter ] --END-- [ RunTime:0.001086s ]
INFO: [ app_end ] --START--
INFO: Run Behavior\ShowPageTraceBehavior [ RunTime:0.001213s ]
INFO: [ app_end ] --END-- [ RunTime:0.001433s ]

[ 2016-06-17T00:16:17+08:00 ] ::1 /share/index.php/Home/User/pshWorksPag.html
INFO: [ app_init ] --START--
INFO: Run Behavior\BuildLiteBehavior [ RunTime:0.000047s ]
INFO: [ app_init ] --END-- [ RunTime:0.000944s ]
INFO: [ app_begin ] --START--
INFO: Run Behavior\ReadHtmlCacheBehavior [ RunTime:0.001313s ]
INFO: [ app_begin ] --END-- [ RunTime:0.001570s ]
INFO: [ view_parse ] --START--
INFO: [ template_filter ] --START--
INFO: Run Behavior\ContentReplaceBehavior [ RunTime:0.000343s ]
INFO: [ template_filter ] --END-- [ RunTime:0.000565s ]
INFO: Run Behavior\ParseTemplateBehavior [ RunTime:0.022477s ]
INFO: [ view_parse ] --END-- [ RunTime:0.022705s ]
INFO: [ view_filter ] --START--
INFO: Run Behavior\WriteHtmlCacheBehavior [ RunTime:0.000882s ]
INFO: [ view_filter ] --END-- [ RunTime:0.001090s ]
INFO: [ app_end ] --START--
INFO: Run Behavior\ShowPageTraceBehavior [ RunTime:0.001218s ]
INFO: [ app_end ] --END-- [ RunTime:0.001465s ]

[ 2016-06-17T00:16:20+08:00 ] ::1 /share/index.php/Home/User/pshArtPag.html
INFO: [ app_init ] --START--
INFO: Run Behavior\BuildLiteBehavior [ RunTime:0.000051s ]
INFO: [ app_init ] --END-- [ RunTime:0.001032s ]
INFO: [ app_begin ] --START--
INFO: Run Behavior\ReadHtmlCacheBehavior [ RunTime:0.001285s ]
INFO: [ app_begin ] --END-- [ RunTime:0.001522s ]
INFO: [ view_parse ] --START--
INFO: [ template_filter ] --START--
INFO: Run Behavior\ContentReplaceBehavior [ RunTime:0.000354s ]
INFO: [ template_filter ] --END-- [ RunTime:0.000620s ]
INFO: Run Behavior\ParseTemplateBehavior [ RunTime:0.024646s ]
INFO: [ view_parse ] --END-- [ RunTime:0.024943s ]
INFO: [ view_filter ] --START--
INFO: Run Behavior\WriteHtmlCacheBehavior [ RunTime:0.000924s ]
INFO: [ view_filter ] --END-- [ RunTime:0.001130s ]
INFO: [ app_end ] --START--
INFO: Run Behavior\ShowPageTraceBehavior [ RunTime:0.001205s ]
INFO: [ app_end ] --END-- [ RunTime:0.001433s ]

[ 2016-06-17T00:16:46+08:00 ] ::1 /share/index.php/Home/User/pshArtPag.html
INFO: [ app_init ] --START--
INFO: Run Behavior\BuildLiteBehavior [ RunTime:0.000047s ]
INFO: [ app_init ] --END-- [ RunTime:0.000799s ]
INFO: [ app_begin ] --START--
INFO: Run Behavior\ReadHtmlCacheBehavior [ RunTime:0.000894s ]
INFO: [ app_begin ] --END-- [ RunTime:0.001159s ]
INFO: [ view_parse ] --START--
INFO: [ template_filter ] --START--
INFO: Run Behavior\ContentReplaceBehavior [ RunTime:0.000373s ]
INFO: [ template_filter ] --END-- [ RunTime:0.000644s ]
INFO: Run Behavior\ParseTemplateBehavior [ RunTime:0.020346s ]
INFO: [ view_parse ] --END-- [ RunTime:0.020580s ]
INFO: [ view_filter ] --START--
INFO: Run Behavior\WriteHtmlCacheBehavior [ RunTime:0.000583s ]
INFO: [ view_filter ] --END-- [ RunTime:0.000791s ]
INFO: [ app_end ] --START--
INFO: Run Behavior\ShowPageTraceBehavior [ RunTime:0.001438s ]
INFO: [ app_end ] --END-- [ RunTime:0.001757s ]

[ 2016-06-17T00:17:09+08:00 ] ::1 /share/index.php/Home/User/pshArtPag.html
INFO: [ app_init ] --START--
INFO: Run Behavior\BuildLiteBehavior [ RunTime:0.000049s ]
INFO: [ app_init ] --END-- [ RunTime:0.000948s ]
INFO: [ app_begin ] --START--
INFO: Run Behavior\ReadHtmlCacheBehavior [ RunTime:0.001253s ]
INFO: [ app_begin ] --END-- [ RunTime:0.001482s ]
INFO: [ view_parse ] --START--
INFO: [ template_filter ] --START--
INFO: Run Behavior\ContentReplaceBehavior [ RunTime:0.000392s ]
INFO: [ template_filter ] --END-- [ RunTime:0.000639s ]
INFO: Run Behavior\ParseTemplateBehavior [ RunTime:0.022530s ]
INFO: [ view_parse ] --END-- [ RunTime:0.022775s ]
INFO: [ view_filter ] --START--
INFO: Run Behavior\WriteHtmlCacheBehavior [ RunTime:0.000958s ]
INFO: [ view_filter ] --END-- [ RunTime:0.001167s ]
INFO: [ app_end ] --START--
INFO: Run Behavior\ShowPageTraceBehavior [ RunTime:0.001455s ]
INFO: [ app_end ] --END-- [ RunTime:0.001763s ]

[ 2016-06-17T00:17:50+08:00 ] ::1 /share/index.php/Home/User/pshArtPag.html
INFO: [ app_init ] --START--
INFO: Run Behavior\BuildLiteBehavior [ RunTime:0.000049s ]
INFO: [ app_init ] --END-- [ RunTime:0.000943s ]
INFO: [ app_begin ] --START--
INFO: Run Behavior\ReadHtmlCacheBehavior [ RunTime:0.001343s ]
INFO: [ app_begin ] --END-- [ RunTime:0.001577s ]
INFO: [ view_parse ] --START--
INFO: [ template_filter ] --START--
INFO: Run Behavior\ContentReplaceBehavior [ RunTime:0.000344s ]
INFO: [ template_filter ] --END-- [ RunTime:0.000575s ]
INFO: Run Behavior\ParseTemplateBehavior [ RunTime:0.021869s ]
INFO: [ view_parse ] --END-- [ RunTime:0.022096s ]
INFO: [ view_filter ] --START--
INFO: Run Behavior\WriteHtmlCacheBehavior [ RunTime:0.000900s ]
INFO: [ view_filter ] --END-- [ RunTime:0.001105s ]
INFO: [ app_end ] --START--
INFO: Run Behavior\ShowPageTraceBehavior [ RunTime:0.001184s ]
INFO: [ app_end ] --END-- [ RunTime:0.001404s ]

[ 2016-06-17T00:17:52+08:00 ] ::1 /share/index.php/Home/User/pshWorksPag.html
INFO: [ app_init ] --START--
INFO: Run Behavior\BuildLiteBehavior [ RunTime:0.000061s ]
INFO: [ app_init ] --END-- [ RunTime:0.000831s ]
INFO: [ app_begin ] --START--
INFO: Run Behavior\ReadHtmlCacheBehavior [ RunTime:0.001168s ]
INFO: [ app_begin ] --END-- [ RunTime:0.001499s ]
INFO: [ view_parse ] --START--
INFO: [ template_filter ] --START--
INFO: Run Behavior\ContentReplaceBehavior [ RunTime:0.000352s ]
INFO: [ template_filter ] --END-- [ RunTime:0.000586s ]
INFO: Run Behavior\ParseTemplateBehavior [ RunTime:0.026143s ]
INFO: [ view_parse ] --END-- [ RunTime:0.026407s ]
INFO: [ view_filter ] --START--
INFO: Run Behavior\WriteHtmlCacheBehavior [ RunTime:0.000721s ]
INFO: [ view_filter ] --END-- [ RunTime:0.000973s ]
INFO: [ app_end ] --START--
INFO: Run Behavior\ShowPageTraceBehavior [ RunTime:0.001351s ]
INFO: [ app_end ] --END-- [ RunTime:0.001741s ]

[ 2016-06-17T00:17:59+08:00 ] ::1 /share/index.php/Home/User/pshArtPag.html
INFO: [ app_init ] --START--
INFO: Run Behavior\BuildLiteBehavior [ RunTime:0.000047s ]
INFO: [ app_init ] --END-- [ RunTime:0.000809s ]
INFO: [ app_begin ] --START--
INFO: Run Behavior\ReadHtmlCacheBehavior [ RunTime:0.000888s ]
INFO: [ app_begin ] --END-- [ RunTime:0.001141s ]
INFO: [ view_parse ] --START--
INFO: [ template_filter ] --START--
INFO: Run Behavior\ContentReplaceBehavior [ RunTime:0.000338s ]
INFO: [ template_filter ] --END-- [ RunTime:0.000568s ]
INFO: Run Behavior\ParseTemplateBehavior [ RunTime:0.019272s ]
INFO: [ view_parse ] --END-- [ RunTime:0.019488s ]
INFO: [ view_filter ] --START--
INFO: Run Behavior\WriteHtmlCacheBehavior [ RunTime:0.000553s ]
INFO: [ view_filter ] --END-- [ RunTime:0.000759s ]
INFO: [ app_end ] --START--
INFO: Run Behavior\ShowPageTraceBehavior [ RunTime:0.000840s ]
INFO: [ app_end ] --END-- [ RunTime:0.001059s ]

[ 2016-06-17T00:18:03+08:00 ] ::1 /share/index.php/Home/User/pshWorksPag.html
INFO: [ app_init ] --START--
INFO: Run Behavior\BuildLiteBehavior [ RunTime:0.000049s ]
INFO: [ app_init ] --END-- [ RunTime:0.000799s ]
INFO: [ app_begin ] --START--
INFO: Run Behavior\ReadHtmlCacheBehavior [ RunTime:0.000824s ]
INFO: [ app_begin ] --END-- [ RunTime:0.001050s ]
INFO: [ view_parse ] --START--
INFO: [ template_filter ] --START--
INFO: Run Behavior\ContentReplaceBehavior [ RunTime:0.000338s ]
INFO: [ template_filter ] --END-- [ RunTime:0.000563s ]
INFO: Run Behavior\ParseTemplateBehavior [ RunTime:0.019822s ]
INFO: [ view_parse ] --END-- [ RunTime:0.020059s ]
INFO: [ view_filter ] --START--
INFO: Run Behavior\WriteHtmlCacheBehavior [ RunTime:0.000592s ]
INFO: [ view_filter ] --END-- [ RunTime:0.000805s ]
INFO: [ app_end ] --START--
INFO: Run Behavior\ShowPageTraceBehavior [ RunTime:0.000875s ]
INFO: [ app_end ] --END-- [ RunTime:0.001099s ]

[ 2016-06-17T00:18:57+08:00 ] ::1 /share/index.php/Home/User/pubWorks.html
INFO: [ app_init ] --START--
INFO: Run Behavior\BuildLiteBehavior [ RunTime:0.000048s ]
INFO: [ app_init ] --END-- [ RunTime:0.000957s ]
INFO: [ app_begin ] --START--
INFO: Run Behavior\ReadHtmlCacheBehavior [ RunTime:0.001243s ]
INFO: [ app_begin ] --END-- [ RunTime:0.001474s ]
INFO: [ app_end ] --START--
INFO: Run Behavior\ShowPageTraceBehavior [ RunTime:0.001252s ]
INFO: [ app_end ] --END-- [ RunTime:0.001476s ]

[ 2016-06-17T00:30:51+08:00 ] ::1 /share/index.php/Home/User/pshArtPag.html
INFO: [ app_init ] --START--
INFO: Run Behavior\BuildLiteBehavior [ RunTime:0.000050s ]
INFO: [ app_init ] --END-- [ RunTime:0.000957s ]
INFO: [ app_begin ] --START--
INFO: Run Behavior\ReadHtmlCacheBehavior [ RunTime:0.002712s ]
INFO: [ app_begin ] --END-- [ RunTime:0.002996s ]
INFO: [ view_parse ] --START--
INFO: [ template_filter ] --START--
INFO: Run Behavior\ContentReplaceBehavior [ RunTime:0.000354s ]
INFO: [ template_filter ] --END-- [ RunTime:0.000589s ]
INFO: Run Behavior\ParseTemplateBehavior [ RunTime:0.026079s ]
INFO: [ view_parse ] --END-- [ RunTime:0.026311s ]
INFO: [ view_filter ] --START--
INFO: Run Behavior\WriteHtmlCacheBehavior [ RunTime:0.001709s ]
INFO: [ view_filter ] --END-- [ RunTime:0.001922s ]
INFO: [ app_end ] --START--
INFO: Run Behavior\ShowPageTraceBehavior [ RunTime:0.002015s ]
INFO: [ app_end ] --END-- [ RunTime:0.002240s ]

[ 2016-06-17T00:31:00+08:00 ] ::1 /share/index.php/Home/User/pshWorksPag.html
INFO: [ app_init ] --START--
INFO: Run Behavior\BuildLiteBehavior [ RunTime:0.000050s ]
INFO: [ app_init ] --END-- [ RunTime:0.000943s ]
INFO: [ app_begin ] --START--
INFO: Run Behavior\ReadHtmlCacheBehavior [ RunTime:0.002131s ]
INFO: [ app_begin ] --END-- [ RunTime:0.002372s ]
INFO: [ view_parse ] --START--
INFO: [ template_filter ] --START--
INFO: Run Behavior\ContentReplaceBehavior [ RunTime:0.000343s ]
INFO: [ template_filter ] --END-- [ RunTime:0.000576s ]
INFO: Run Behavior\ParseTemplateBehavior [ RunTime:0.025755s ]
INFO: [ view_parse ] --END-- [ RunTime:0.025986s ]
INFO: [ view_filter ] --START--
INFO: Run Behavior\WriteHtmlCacheBehavior [ RunTime:0.001702s ]
INFO: [ view_filter ] --END-- [ RunTime:0.001911s ]
INFO: [ app_end ] --START--
INFO: Run Behavior\ShowPageTraceBehavior [ RunTime:0.002086s ]
INFO: [ app_end ] --END-- [ RunTime:0.002314s ]

[ 2016-06-17T00:32:34+08:00 ] ::1 /share/index.php/Home/User/share/Public/upload/ArticalImg/20160617/1466094754530151.jpg
INFO: [ app_init ] --START--
INFO: Run Behavior\BuildLiteBehavior [ RunTime:0.000051s ]
INFO: [ app_init ] --END-- [ RunTime:0.000999s ]

[ 2016-06-17T00:32:42+08:00 ] ::1 /share/index.php/Home/User/pubWorks.html
INFO: [ app_init ] --START--
INFO: Run Behavior\BuildLiteBehavior [ RunTime:0.000050s ]
INFO: [ app_init ] --END-- [ RunTime:0.000976s ]
INFO: [ app_begin ] --START--
INFO: Run Behavior\ReadHtmlCacheBehavior [ RunTime:0.001538s ]
INFO: [ app_begin ] --END-- [ RunTime:0.001781s ]
NOTIC: [2] call_user_func() expects parameter 1 to be a valid callback, no array or string given E:\wamp\www\share\ThinkPHP\Library\Think\Upload.class.php 第 170 行.
SQL: SHOW COLUMNS FROM `t_user` [ RunTime:0.0062s ]
SQL: SELECT * FROM `t_user` WHERE ( loginid = '1' ) LIMIT 1   [ RunTime:0.0006s ]
SQL: SELECT `userid` FROM `t_user` WHERE ( loginid = '1' ) LIMIT 1   [ RunTime:0.0003s ]
SQL: SHOW COLUMNS FROM `t_artical` [ RunTime:0.0060s ]
SQL: INSERT INTO `t_artical` (`Title`,`IndexImgPath`,`type`,`UserId`,`Content`,`upLoadType`,`CreateTime`) VALUES ('作品测试啊','upload/ArticalIndexImg/2016-06-17/5762d4aa86fa6.png','2','2','&lt;blockquote&gt;&lt;p&gt;&lt;strong&gt;&lt;span style=&quot;font-size:16px;font-family:宋体&quot;&gt;&amp;nbsp;&amp;nbsp;&amp;nbsp;&amp;nbsp;本&lt;sub&gt;系&lt;/sub&gt;统&lt;sup&gt;目&lt;/sup&gt;前&lt;sub&gt;处&lt;/sub&gt;于&lt;sup&gt;公&lt;/sup&gt;开测试阶段，绝大部分功能能够正常使用。但是仍然可能存在未能发现的小漏洞、小毛病。如果用户在使用过程中遇到任何问题，或者对&lt;/span&gt;&lt;span style=&quot;font-size:16px;font-family:&amp;#39;Calibri&amp;#39;,sans-serif&quot;&gt;OJ&lt;/span&gt;&lt;span style=&quot;font-size:16px;font-family:宋体&quot;&gt;系统设计与开发有想法与建议，欢迎向开发团队反馈，我们将非常乐意听取用户的建议，不断改进功能，完善系统。&lt;/span&gt;&lt;/strong&gt;&lt;span style=&quot;color:#ccc&quot;&gt;&lt;/span&gt;&lt;/p&gt;&lt;p&gt;&lt;strong&gt;&lt;span style=&quot;font-size:16px;font-family:宋体&quot;&gt;&lt;img src=&quot;./share/Public/upload/ArticalImg/20160617/1466094754530151.jpg&quot; title=&quot;1466094754530151.jpg&quot; alt=&quot;51a2bd66ed18622048.jpg&quot;/&gt;&lt;/span&gt;&lt;/strong&gt;&lt;/p&gt;&lt;/blockquote&gt;','1','2016-06-17 00:32:42') [ RunTime:0.0392s ]
INFO: [ view_parse ] --START--
INFO: [ template_filter ] --START--
INFO: Run Behavior\ContentReplaceBehavior [ RunTime:0.000203s ]
INFO: [ template_filter ] --END-- [ RunTime:0.000448s ]
INFO: Run Behavior\ParseTemplateBehavior [ RunTime:0.030307s ]
INFO: [ view_parse ] --END-- [ RunTime:0.030536s ]
INFO: [ view_filter ] --START--
INFO: Run Behavior\WriteHtmlCacheBehavior [ RunTime:0.001313s ]
INFO: [ view_filter ] --END-- [ RunTime:0.001522s ]
INFO: [ app_end ] --START--
INFO: Run Behavior\ShowPageTraceBehavior [ RunTime:0.001597s ]
INFO: [ app_end ] --END-- [ RunTime:0.001808s ]

[ 2016-06-17T00:32:44+08:00 ] ::1 /share/index.php/Home/Index/index.html
INFO: [ app_init ] --START--
INFO: Run Behavior\BuildLiteBehavior [ RunTime:0.000059s ]
INFO: [ app_init ] --END-- [ RunTime:0.001153s ]
INFO: [ app_begin ] --START--
INFO: Run Behavior\ReadHtmlCacheBehavior [ RunTime:0.001607s ]
INFO: [ app_begin ] --END-- [ RunTime:0.001839s ]
SQL: SHOW COLUMNS FROM `t_artical` [ RunTime:0.0089s ]
SQL: SELECT * FROM `t_artical` INNER JOIN t_user on t_artical.userid = t_user.userid  WHERE ( upLoadType = 1 )  [ RunTime:0.0007s ]
INFO: [ view_parse ] --START--
INFO: [ template_filter ] --START--
INFO: Run Behavior\ContentReplaceBehavior [ RunTime:0.000491s ]
INFO: [ template_filter ] --END-- [ RunTime:0.000745s ]
INFO: Run Behavior\ParseTemplateBehavior [ RunTime:0.035420s ]
INFO: [ view_parse ] --END-- [ RunTime:0.035688s ]
INFO: [ view_filter ] --START--
INFO: Run Behavior\WriteHtmlCacheBehavior [ RunTime:0.002191s ]
INFO: [ view_filter ] --END-- [ RunTime:0.002497s ]
INFO: [ app_end ] --START--
INFO: Run Behavior\ShowPageTraceBehavior [ RunTime:0.002453s ]
INFO: [ app_end ] --END-- [ RunTime:0.002813s ]

[ 2016-06-17T00:32:44+08:00 ] ::1 /share/index.php/Home/Index/share/Public/upload/ArticalImg/20160616/1466082310123105.jpg
INFO: [ app_init ] --START--
INFO: Run Behavior\BuildLiteBehavior [ RunTime:0.000052s ]
INFO: [ app_init ] --END-- [ RunTime:0.001216s ]

[ 2016-06-17T00:32:44+08:00 ] ::1 /share/index.php/Home/Index/share/Public/upload/ArticalImg/20160617/1466094754530151.jpg
INFO: [ app_init ] --START--
INFO: Run Behavior\BuildLiteBehavior [ RunTime:0.000051s ]
INFO: [ app_init ] --END-- [ RunTime:0.001208s ]

[ 2016-06-17T00:34:01+08:00 ] ::1 /share/index.php/Home/Index/index.html
INFO: [ app_init ] --START--
INFO: Run Behavior\BuildLiteBehavior [ RunTime:0.000053s ]
INFO: [ app_init ] --END-- [ RunTime:0.000972s ]
INFO: [ app_begin ] --START--
INFO: Run Behavior\ReadHtmlCacheBehavior [ RunTime:0.001961s ]
INFO: [ app_begin ] --END-- [ RunTime:0.002257s ]
SQL: SHOW COLUMNS FROM `t_artical` [ RunTime:0.0091s ]
SQL: SELECT * FROM `t_artical` INNER JOIN t_user on t_artical.userid = t_user.userid  WHERE ( upLoadType = 1 )  [ RunTime:0.0007s ]
INFO: [ view_parse ] --START--
INFO: [ template_filter ] --START--
INFO: Run Behavior\ContentReplaceBehavior [ RunTime:0.000467s ]
INFO: [ template_filter ] --END-- [ RunTime:0.000700s ]
NOTIC: [8] Undefined index: IndexImgPath E:\wamp\www\share\Application\Runtime\Cache\Home\2a94b8bda04ff446dcedd42276fc99ee.php 第 238 行.
NOTIC: [8] Undefined index: IndexImgPath E:\wamp\www\share\Application\Runtime\Cache\Home\2a94b8bda04ff446dcedd42276fc99ee.php 第 238 行.
NOTIC: [8] Undefined index: IndexImgPath E:\wamp\www\share\Application\Runtime\Cache\Home\2a94b8bda04ff446dcedd42276fc99ee.php 第 238 行.
INFO: Run Behavior\ParseTemplateBehavior [ RunTime:0.032056s ]
INFO: [ view_parse ] --END-- [ RunTime:0.032287s ]
INFO: [ view_filter ] --START--
INFO: Run Behavior\WriteHtmlCacheBehavior [ RunTime:0.001769s ]
INFO: [ view_filter ] --END-- [ RunTime:0.001982s ]
INFO: [ app_end ] --START--
INFO: Run Behavior\ShowPageTraceBehavior [ RunTime:0.002200s ]
INFO: [ app_end ] --END-- [ RunTime:0.002432s ]

[ 2016-06-17T00:34:02+08:00 ] ::1 /share/index.php/Home/Index/share/Public/upload/ArticalImg/20160616/1466082310123105.jpg
INFO: [ app_init ] --START--
INFO: Run Behavior\BuildLiteBehavior [ RunTime:0.000052s ]
INFO: [ app_init ] --END-- [ RunTime:0.001376s ]

[ 2016-06-17T00:34:02+08:00 ] ::1 /share/index.php/Home/Index/share/Public/upload/ArticalImg/20160617/1466094754530151.jpg
INFO: [ app_init ] --START--
INFO: Run Behavior\BuildLiteBehavior [ RunTime:0.000050s ]
INFO: [ app_init ] --END-- [ RunTime:0.000982s ]

[ 2016-06-17T00:34:14+08:00 ] ::1 /share/index.php/Home/Index/index.html
INFO: [ app_init ] --START--
INFO: Run Behavior\BuildLiteBehavior [ RunTime:0.000050s ]
INFO: [ app_init ] --END-- [ RunTime:0.000831s ]
INFO: [ app_begin ] --START--
INFO: Run Behavior\ReadHtmlCacheBehavior [ RunTime:0.001302s ]
INFO: [ app_begin ] --END-- [ RunTime:0.001526s ]
SQL: SHOW COLUMNS FROM `t_artical` [ RunTime:0.0063s ]
SQL: SELECT * FROM `t_artical` INNER JOIN t_user on t_artical.userid = t_user.userid  WHERE ( upLoadType = 1 )  [ RunTime:0.0007s ]
INFO: [ view_parse ] --START--
INFO: [ template_filter ] --START--
INFO: Run Behavior\ContentReplaceBehavior [ RunTime:0.000467s ]
INFO: [ template_filter ] --END-- [ RunTime:0.000696s ]
NOTIC: [8] Undefined index: IndexImgPath E:\wamp\www\share\Application\Runtime\Cache\Home\2a94b8bda04ff446dcedd42276fc99ee.php 第 238 行.
NOTIC: [8] Undefined index: IndexImgPath E:\wamp\www\share\Application\Runtime\Cache\Home\2a94b8bda04ff446dcedd42276fc99ee.php 第 238 行.
NOTIC: [8] Undefined index: IndexImgPath E:\wamp\www\share\Application\Runtime\Cache\Home\2a94b8bda04ff446dcedd42276fc99ee.php 第 238 行.
INFO: Run Behavior\ParseTemplateBehavior [ RunTime:0.026622s ]
INFO: [ view_parse ] --END-- [ RunTime:0.026848s ]
INFO: [ view_filter ] --START--
INFO: Run Behavior\WriteHtmlCacheBehavior [ RunTime:0.000900s ]
INFO: [ view_filter ] --END-- [ RunTime:0.001107s ]
INFO: [ app_end ] --START--
INFO: Run Behavior\ShowPageTraceBehavior [ RunTime:0.001160s ]
INFO: [ app_end ] --END-- [ RunTime:0.001376s ]

[ 2016-06-17T00:35:40+08:00 ] ::1 /share/index.php/Home/Index/index.html
INFO: [ app_init ] --START--
INFO: Run Behavior\BuildLiteBehavior [ RunTime:0.000054s ]
INFO: [ app_init ] --END-- [ RunTime:0.001319s ]
INFO: [ app_begin ] --START--
INFO: Run Behavior\ReadHtmlCacheBehavior [ RunTime:0.002947s ]
INFO: [ app_begin ] --END-- [ RunTime:0.003340s ]
SQL: SHOW COLUMNS FROM `t_artical` [ RunTime:0.0093s ]
SQL: SELECT * FROM `t_artical` INNER JOIN t_user on t_artical.userid = t_user.userid  WHERE ( upLoadType = 1 )  [ RunTime:0.0007s ]
INFO: [ view_parse ] --START--
INFO: [ template_filter ] --START--
INFO: Run Behavior\ContentReplaceBehavior [ RunTime:0.000441s ]
INFO: [ template_filter ] --END-- [ RunTime:0.000671s ]
NOTIC: [8] Undefined index: IndexImgPath E:\wamp\www\share\Application\Runtime\Cache\Home\2a94b8bda04ff446dcedd42276fc99ee.php 第 238 行.
NOTIC: [8] Undefined index: IndexImgPath E:\wamp\www\share\Application\Runtime\Cache\Home\2a94b8bda04ff446dcedd42276fc99ee.php 第 238 行.
NOTIC: [8] Undefined index: IndexImgPath E:\wamp\www\share\Application\Runtime\Cache\Home\2a94b8bda04ff446dcedd42276fc99ee.php 第 238 行.
INFO: Run Behavior\ParseTemplateBehavior [ RunTime:0.031384s ]
INFO: [ view_parse ] --END-- [ RunTime:0.031615s ]
INFO: [ view_filter ] --START--
INFO: Run Behavior\WriteHtmlCacheBehavior [ RunTime:0.001753s ]
INFO: [ view_filter ] --END-- [ RunTime:0.001964s ]
INFO: [ app_end ] --START--
INFO: Run Behavior\ShowPageTraceBehavior [ RunTime:0.001942s ]
INFO: [ app_end ] --END-- [ RunTime:0.002169s ]

[ 2016-06-17T00:36:06+08:00 ] ::1 /share/index.php/Home/Index/index.html
INFO: [ app_init ] --START--
INFO: Run Behavior\BuildLiteBehavior [ RunTime:0.000051s ]
INFO: [ app_init ] --END-- [ RunTime:0.001134s ]
INFO: [ app_begin ] --START--
INFO: Run Behavior\ReadHtmlCacheBehavior [ RunTime:0.001625s ]
INFO: [ app_begin ] --END-- [ RunTime:0.001874s ]
SQL: SHOW COLUMNS FROM `t_artical` [ RunTime:0.0089s ]
SQL: SELECT * FROM `t_artical` INNER JOIN t_user on t_artical.userid = t_user.userid  WHERE ( upLoadType = 1 )  [ RunTime:0.0007s ]

[ 2016-06-17T00:36:43+08:00 ] ::1 /share/index.php/Home/Index/index.html
INFO: [ app_init ] --START--
INFO: Run Behavior\BuildLiteBehavior [ RunTime:0.000049s ]
INFO: [ app_init ] --END-- [ RunTime:0.000935s ]
INFO: [ app_begin ] --START--
INFO: Run Behavior\ReadHtmlCacheBehavior [ RunTime:0.001250s ]
INFO: [ app_begin ] --END-- [ RunTime:0.001475s ]
SQL: SHOW COLUMNS FROM `t_artical` [ RunTime:0.0090s ]
SQL: SELECT * FROM `t_artical` INNER JOIN t_user on t_artical.userid = t_user.userid  WHERE ( upLoadType = 1 )  [ RunTime:0.0008s ]

[ 2016-06-17T00:36:53+08:00 ] ::1 /share/index.php/Home/Index/index.html
INFO: [ app_init ] --START--
INFO: Run Behavior\BuildLiteBehavior [ RunTime:0.000050s ]
INFO: [ app_init ] --END-- [ RunTime:0.000965s ]
INFO: [ app_begin ] --START--
INFO: Run Behavior\ReadHtmlCacheBehavior [ RunTime:0.001542s ]
INFO: [ app_begin ] --END-- [ RunTime:0.001775s ]
SQL: SHOW COLUMNS FROM `t_artical` [ RunTime:0.0058s ]
SQL: SELECT * FROM `t_artical` INNER JOIN t_user on t_artical.userid = t_user.userid  WHERE ( upLoadType = 1 )  [ RunTime:0.0007s ]
INFO: [ view_parse ] --START--
INFO: [ template_filter ] --START--
INFO: Run Behavior\ContentReplaceBehavior [ RunTime:0.000474s ]
INFO: [ template_filter ] --END-- [ RunTime:0.000738s ]
NOTIC: [8] Undefined index: IndexImgPath E:\wamp\www\share\Application\Runtime\Cache\Home\2a94b8bda04ff446dcedd42276fc99ee.php 第 238 行.
NOTIC: [8] Undefined index: IndexImgPath E:\wamp\www\share\Application\Runtime\Cache\Home\2a94b8bda04ff446dcedd42276fc99ee.php 第 238 行.
NOTIC: [8] Undefined index: IndexImgPath E:\wamp\www\share\Application\Runtime\Cache\Home\2a94b8bda04ff446dcedd42276fc99ee.php 第 238 行.
INFO: Run Behavior\ParseTemplateBehavior [ RunTime:0.031617s ]
INFO: [ view_parse ] --END-- [ RunTime:0.031851s ]
INFO: [ view_filter ] --START--
INFO: Run Behavior\WriteHtmlCacheBehavior [ RunTime:0.001286s ]
INFO: [ view_filter ] --END-- [ RunTime:0.001571s ]
INFO: [ app_end ] --START--
INFO: Run Behavior\ShowPageTraceBehavior [ RunTime:0.001508s ]
INFO: [ app_end ] --END-- [ RunTime:0.001742s ]

[ 2016-06-17T00:36:54+08:00 ] ::1 /share/index.php/Home/Index/'/share/Public'.
INFO: [ app_init ] --START--
INFO: Run Behavior\BuildLiteBehavior [ RunTime:0.000090s ]
INFO: [ app_init ] --END-- [ RunTime:0.001656s ]
INFO: [ app_begin ] --START--
INFO: Run Behavior\ReadHtmlCacheBehavior [ RunTime:0.001671s ]
INFO: [ app_begin ] --END-- [ RunTime:0.001919s ]
ERR: 非法操作:'

[ 2016-06-17T00:37:23+08:00 ] ::1 /share/index.php/Home/Index/index.html
INFO: [ app_init ] --START--
INFO: Run Behavior\BuildLiteBehavior [ RunTime:0.000062s ]
INFO: [ app_init ] --END-- [ RunTime:0.001037s ]
INFO: [ app_begin ] --START--
INFO: Run Behavior\ReadHtmlCacheBehavior [ RunTime:0.001914s ]
INFO: [ app_begin ] --END-- [ RunTime:0.002143s ]
SQL: SHOW COLUMNS FROM `t_artical` [ RunTime:0.0092s ]
SQL: SELECT * FROM `t_artical` INNER JOIN t_user on t_artical.userid = t_user.userid  WHERE ( upLoadType = 1 )  [ RunTime:0.0007s ]
INFO: [ view_parse ] --START--
INFO: [ template_filter ] --START--
INFO: Run Behavior\ContentReplaceBehavior [ RunTime:0.000466s ]
INFO: [ template_filter ] --END-- [ RunTime:0.000700s ]
NOTIC: [8] Undefined index: IndexImgPath E:\wamp\www\share\Application\Runtime\Cache\Home\2a94b8bda04ff446dcedd42276fc99ee.php 第 238 行.
NOTIC: [8] Undefined index: IndexImgPath E:\wamp\www\share\Application\Runtime\Cache\Home\2a94b8bda04ff446dcedd42276fc99ee.php 第 238 行.
NOTIC: [8] Undefined index: IndexImgPath E:\wamp\www\share\Application\Runtime\Cache\Home\2a94b8bda04ff446dcedd42276fc99ee.php 第 238 行.
INFO: Run Behavior\ParseTemplateBehavior [ RunTime:0.030843s ]
INFO: [ view_parse ] --END-- [ RunTime:0.031063s ]
INFO: [ view_filter ] --START--
INFO: Run Behavior\WriteHtmlCacheBehavior [ RunTime:0.001432s ]
INFO: [ view_filter ] --END-- [ RunTime:0.001640s ]
INFO: [ app_end ] --START--
INFO: Run Behavior\ShowPageTraceBehavior [ RunTime:0.001669s ]
INFO: [ app_end ] --END-- [ RunTime:0.001890s ]

[ 2016-06-17T00:37:24+08:00 ] ::1 /share/index.php/Home/Index/'/share/Public/'
INFO: [ app_init ] --START--
INFO: Run Behavior\BuildLiteBehavior [ RunTime:0.000055s ]
INFO: [ app_init ] --END-- [ RunTime:0.000999s ]
INFO: [ app_begin ] --START--
INFO: Run Behavior\ReadHtmlCacheBehavior [ RunTime:0.001602s ]
INFO: [ app_begin ] --END-- [ RunTime:0.001857s ]
ERR: 非法操作:'

[ 2016-06-17T00:37:43+08:00 ] ::1 /share/index.php/Home/Index/index.html
INFO: [ app_init ] --START--
INFO: Run Behavior\BuildLiteBehavior [ RunTime:0.000049s ]
INFO: [ app_init ] --END-- [ RunTime:0.000797s ]
INFO: [ app_begin ] --START--
INFO: Run Behavior\ReadHtmlCacheBehavior [ RunTime:0.000919s ]
INFO: [ app_begin ] --END-- [ RunTime:0.001148s ]
SQL: SHOW COLUMNS FROM `t_artical` [ RunTime:0.0097s ]
SQL: SELECT * FROM `t_artical` INNER JOIN t_user on t_artical.userid = t_user.userid  WHERE ( upLoadType = 1 )  [ RunTime:0.0007s ]
INFO: [ view_parse ] --START--
INFO: [ template_filter ] --START--
INFO: Run Behavior\ContentReplaceBehavior [ RunTime:0.000476s ]
INFO: [ template_filter ] --END-- [ RunTime:0.000763s ]
INFO: Run Behavior\ParseTemplateBehavior [ RunTime:0.027693s ]
INFO: [ view_parse ] --END-- [ RunTime:0.027941s ]
INFO: [ view_filter ] --START--
INFO: Run Behavior\WriteHtmlCacheBehavior [ RunTime:0.000954s ]
INFO: [ view_filter ] --END-- [ RunTime:0.001184s ]
INFO: [ app_end ] --START--
INFO: Run Behavior\ShowPageTraceBehavior [ RunTime:0.001188s ]
INFO: [ app_end ] --END-- [ RunTime:0.001428s ]

[ 2016-06-17T00:37:44+08:00 ] ::1 /share/index.php/Home/Index/'/share/Public/$vo.IndexImgPath'
INFO: [ app_init ] --START--
INFO: Run Behavior\BuildLiteBehavior [ RunTime:0.000059s ]
INFO: [ app_init ] --END-- [ RunTime:0.000827s ]
INFO: [ app_begin ] --START--
INFO: Run Behavior\ReadHtmlCacheBehavior [ RunTime:0.001348s ]
INFO: [ app_begin ] --END-- [ RunTime:0.001678s ]
ERR: 非法操作:'

[ 2016-06-17T00:40:36+08:00 ] ::1 /share/index.php/Home/Index/index.html
INFO: [ app_init ] --START--
INFO: Run Behavior\BuildLiteBehavior [ RunTime:0.000049s ]
INFO: [ app_init ] --END-- [ RunTime:0.000977s ]
INFO: [ app_begin ] --START--
INFO: Run Behavior\ReadHtmlCacheBehavior [ RunTime:0.001957s ]
INFO: [ app_begin ] --END-- [ RunTime:0.002183s ]
SQL: SHOW COLUMNS FROM `t_artical` [ RunTime:0.0088s ]
SQL: SELECT * FROM `t_artical` INNER JOIN t_user on t_artical.userid = t_user.userid  WHERE ( upLoadType = 1 )  [ RunTime:0.0007s ]
INFO: [ view_parse ] --START--
INFO: [ template_filter ] --START--
INFO: Run Behavior\ContentReplaceBehavior [ RunTime:0.000477s ]
INFO: [ template_filter ] --END-- [ RunTime:0.000735s ]
NOTIC: [8] Undefined index: IndexImgPath E:\wamp\www\share\Application\Runtime\Cache\Home\2a94b8bda04ff446dcedd42276fc99ee.php 第 238 行.
NOTIC: [8] Undefined index: IndexImgPath E:\wamp\www\share\Application\Runtime\Cache\Home\2a94b8bda04ff446dcedd42276fc99ee.php 第 238 行.
NOTIC: [8] Undefined index: IndexImgPath E:\wamp\www\share\Application\Runtime\Cache\Home\2a94b8bda04ff446dcedd42276fc99ee.php 第 238 行.
INFO: Run Behavior\ParseTemplateBehavior [ RunTime:0.031189s ]
INFO: [ view_parse ] --END-- [ RunTime:0.031413s ]
INFO: [ view_filter ] --START--
INFO: Run Behavior\WriteHtmlCacheBehavior [ RunTime:0.001724s ]
INFO: [ view_filter ] --END-- [ RunTime:0.001938s ]
INFO: [ app_end ] --START--
INFO: Run Behavior\ShowPageTraceBehavior [ RunTime:0.002044s ]
INFO: [ app_end ] --END-- [ RunTime:0.002267s ]

[ 2016-06-17T00:40:37+08:00 ] ::1 /share/index.php/Home/Index/'/share/Public/'''
INFO: [ app_init ] --START--
INFO: Run Behavior\BuildLiteBehavior [ RunTime:0.000051s ]
INFO: [ app_init ] --END-- [ RunTime:0.000983s ]
INFO: [ app_begin ] --START--
INFO: Run Behavior\ReadHtmlCacheBehavior [ RunTime:0.001690s ]
INFO: [ app_begin ] --END-- [ RunTime:0.001950s ]
ERR: 非法操作:'

[ 2016-06-17T00:40:37+08:00 ] ::1 /share/index.php/Home/Index/'/share/Public/'''
INFO: [ app_init ] --START--
INFO: Run Behavior\BuildLiteBehavior [ RunTime:0.000050s ]
INFO: [ app_init ] --END-- [ RunTime:0.000971s ]
INFO: [ app_begin ] --START--
INFO: Run Behavior\ReadHtmlCacheBehavior [ RunTime:0.001730s ]
INFO: [ app_begin ] --END-- [ RunTime:0.002130s ]
ERR: 非法操作:'

[ 2016-06-17T00:40:54+08:00 ] ::1 /share/index.php/Home/Index/index.html
INFO: [ app_init ] --START--
INFO: Run Behavior\BuildLiteBehavior [ RunTime:0.000050s ]
INFO: [ app_init ] --END-- [ RunTime:0.000980s ]
INFO: [ app_begin ] --START--
INFO: Run Behavior\ReadHtmlCacheBehavior [ RunTime:0.001561s ]
INFO: [ app_begin ] --END-- [ RunTime:0.001791s ]
SQL: SHOW COLUMNS FROM `t_artical` [ RunTime:0.0090s ]
SQL: SELECT * FROM `t_artical` INNER JOIN t_user on t_artical.userid = t_user.userid  WHERE ( upLoadType = 1 )  [ RunTime:0.0007s ]
INFO: [ view_parse ] --START--
INFO: [ template_filter ] --START--
INFO: Run Behavior\ContentReplaceBehavior [ RunTime:0.000471s ]
INFO: [ template_filter ] --END-- [ RunTime:0.000714s ]
INFO: Run Behavior\ParseTemplateBehavior [ RunTime:0.031965s ]
INFO: [ view_parse ] --END-- [ RunTime:0.032205s ]
INFO: [ view_filter ] --START--
INFO: Run Behavior\WriteHtmlCacheBehavior [ RunTime:0.001380s ]
INFO: [ view_filter ] --END-- [ RunTime:0.001617s ]
INFO: [ app_end ] --START--
INFO: Run Behavior\ShowPageTraceBehavior [ RunTime:0.001764s ]
INFO: [ app_end ] --END-- [ RunTime:0.001997s ]

[ 2016-06-17T00:40:54+08:00 ] ::1 /share/index.php/Home/Index/'/share/Public/haifnn'
INFO: [ app_init ] --START--
INFO: Run Behavior\BuildLiteBehavior [ RunTime:0.000090s ]
INFO: [ app_init ] --END-- [ RunTime:0.001514s ]
INFO: [ app_begin ] --START--
INFO: Run Behavior\ReadHtmlCacheBehavior [ RunTime:0.005199s ]
INFO: [ app_begin ] --END-- [ RunTime:0.005539s ]
ERR: 非法操作:'

[ 2016-06-17T00:41:10+08:00 ] ::1 /share/index.php/Home/Index/index.html
INFO: [ app_init ] --START--
INFO: Run Behavior\BuildLiteBehavior [ RunTime:0.000051s ]
INFO: [ app_init ] --END-- [ RunTime:0.000958s ]
INFO: [ app_begin ] --START--
INFO: Run Behavior\ReadHtmlCacheBehavior [ RunTime:0.001887s ]
INFO: [ app_begin ] --END-- [ RunTime:0.002137s ]
SQL: SHOW COLUMNS FROM `t_artical` [ RunTime:0.0064s ]
SQL: SELECT * FROM `t_artical` INNER JOIN t_user on t_artical.userid = t_user.userid  WHERE ( upLoadType = 1 )  [ RunTime:0.0007s ]
INFO: [ view_parse ] --START--
INFO: [ template_filter ] --START--
INFO: Run Behavior\ContentReplaceBehavior [ RunTime:0.000467s ]
INFO: [ template_filter ] --END-- [ RunTime:0.000697s ]
INFO: Run Behavior\ParseTemplateBehavior [ RunTime:0.029317s ]
INFO: [ view_parse ] --END-- [ RunTime:0.029566s ]
INFO: [ view_filter ] --START--
INFO: Run Behavior\WriteHtmlCacheBehavior [ RunTime:0.001575s ]
INFO: [ view_filter ] --END-- [ RunTime:0.001786s ]
INFO: [ app_end ] --START--
INFO: Run Behavior\ShowPageTraceBehavior [ RunTime:0.001932s ]
INFO: [ app_end ] --END-- [ RunTime:0.002236s ]

[ 2016-06-17T00:41:11+08:00 ] ::1 /share/index.php/Home/Index/'/share/Public/'
INFO: [ app_init ] --START--
INFO: Run Behavior\BuildLiteBehavior [ RunTime:0.000050s ]
INFO: [ app_init ] --END-- [ RunTime:0.001000s ]
INFO: [ app_begin ] --START--
INFO: Run Behavior\ReadHtmlCacheBehavior [ RunTime:0.003500s ]
INFO: [ app_begin ] --END-- [ RunTime:0.003924s ]
ERR: 非法操作:'

[ 2016-06-17T00:41:11+08:00 ] ::1 /share/index.php/Home/Index/'/share/Public/upload/ArticalIndexImg/2016-06-17/5762d4aa86fa6.png'
INFO: [ app_init ] --START--
INFO: Run Behavior\BuildLiteBehavior [ RunTime:0.000054s ]
INFO: [ app_init ] --END-- [ RunTime:0.001093s ]
INFO: [ app_begin ] --START--
INFO: Run Behavior\ReadHtmlCacheBehavior [ RunTime:0.001892s ]
INFO: [ app_begin ] --END-- [ RunTime:0.002198s ]
ERR: 非法操作:'

[ 2016-06-17T00:41:28+08:00 ] ::1 /share/index.php/Home/Index/index.html
INFO: [ app_init ] --START--
INFO: Run Behavior\BuildLiteBehavior [ RunTime:0.000050s ]
INFO: [ app_init ] --END-- [ RunTime:0.001099s ]
INFO: [ app_begin ] --START--
INFO: Run Behavior\ReadHtmlCacheBehavior [ RunTime:0.001641s ]
INFO: [ app_begin ] --END-- [ RunTime:0.001907s ]
SQL: SHOW COLUMNS FROM `t_artical` [ RunTime:0.0082s ]
SQL: SELECT * FROM `t_artical` INNER JOIN t_user on t_artical.userid = t_user.userid  WHERE ( upLoadType = 1 )  [ RunTime:0.0010s ]

[ 2016-06-17T00:41:54+08:00 ] ::1 /share/index.php/Home/Index/index.html
INFO: [ app_init ] --START--
INFO: Run Behavior\BuildLiteBehavior [ RunTime:0.000050s ]
INFO: [ app_init ] --END-- [ RunTime:0.000963s ]
INFO: [ app_begin ] --START--
INFO: Run Behavior\ReadHtmlCacheBehavior [ RunTime:0.001671s ]
INFO: [ app_begin ] --END-- [ RunTime:0.001918s ]
SQL: SHOW COLUMNS FROM `t_artical` [ RunTime:0.0062s ]
SQL: SELECT * FROM `t_artical` INNER JOIN t_user on t_artical.userid = t_user.userid  WHERE ( upLoadType = 1 )  [ RunTime:0.0007s ]
INFO: [ view_parse ] --START--
INFO: [ template_filter ] --START--
INFO: Run Behavior\ContentReplaceBehavior [ RunTime:0.000495s ]
INFO: [ template_filter ] --END-- [ RunTime:0.000726s ]
INFO: Run Behavior\ParseTemplateBehavior [ RunTime:0.030478s ]
INFO: [ view_parse ] --END-- [ RunTime:0.030729s ]
INFO: [ view_filter ] --START--
INFO: Run Behavior\WriteHtmlCacheBehavior [ RunTime:0.001297s ]
INFO: [ view_filter ] --END-- [ RunTime:0.001522s ]
INFO: [ app_end ] --START--
INFO: Run Behavior\ShowPageTraceBehavior [ RunTime:0.001592s ]
INFO: [ app_end ] --END-- [ RunTime:0.001811s ]

[ 2016-06-17T00:43:23+08:00 ] ::1 /share/index.php/Home/Index/index.html
INFO: [ app_init ] --START--
INFO: Run Behavior\BuildLiteBehavior [ RunTime:0.000051s ]
INFO: [ app_init ] --END-- [ RunTime:0.000962s ]
INFO: [ app_begin ] --START--
INFO: Run Behavior\ReadHtmlCacheBehavior [ RunTime:0.002816s ]
INFO: [ app_begin ] --END-- [ RunTime:0.003067s ]
SQL: SHOW COLUMNS FROM `t_artical` [ RunTime:0.0091s ]
SQL: SELECT * FROM `t_artical` INNER JOIN t_user on t_artical.userid = t_user.userid  WHERE ( upLoadType = 1 )  [ RunTime:0.0007s ]
INFO: [ view_parse ] --START--
INFO: [ template_filter ] --START--
INFO: Run Behavior\ContentReplaceBehavior [ RunTime:0.000467s ]
INFO: [ template_filter ] --END-- [ RunTime:0.000702s ]
INFO: Run Behavior\ParseTemplateBehavior [ RunTime:0.030817s ]
INFO: [ view_parse ] --END-- [ RunTime:0.031052s ]
INFO: [ view_filter ] --START--
INFO: Run Behavior\WriteHtmlCacheBehavior [ RunTime:0.001534s ]
INFO: [ view_filter ] --END-- [ RunTime:0.001749s ]
INFO: [ app_end ] --START--
INFO: Run Behavior\ShowPageTraceBehavior [ RunTime:0.002166s ]
INFO: [ app_end ] --END-- [ RunTime:0.002488s ]

[ 2016-06-17T00:43:26+08:00 ] ::1 /share/index.php/Home/Index/index.html
INFO: [ app_init ] --START--
INFO: Run Behavior\BuildLiteBehavior [ RunTime:0.000051s ]
INFO: [ app_init ] --END-- [ RunTime:0.000946s ]
INFO: [ app_begin ] --START--
INFO: Run Behavior\ReadHtmlCacheBehavior [ RunTime:0.001548s ]
INFO: [ app_begin ] --END-- [ RunTime:0.001782s ]
SQL: SHOW COLUMNS FROM `t_artical` [ RunTime:0.0088s ]
SQL: SELECT * FROM `t_artical` INNER JOIN t_user on t_artical.userid = t_user.userid  WHERE ( upLoadType = 1 )  [ RunTime:0.0007s ]
INFO: [ view_parse ] --START--
INFO: [ template_filter ] --START--
INFO: Run Behavior\ContentReplaceBehavior [ RunTime:0.000466s ]
INFO: [ template_filter ] --END-- [ RunTime:0.000708s ]
INFO: Run Behavior\ParseTemplateBehavior [ RunTime:0.030971s ]
INFO: [ view_parse ] --END-- [ RunTime:0.031206s ]
INFO: [ view_filter ] --START--
INFO: Run Behavior\WriteHtmlCacheBehavior [ RunTime:0.001362s ]
INFO: [ view_filter ] --END-- [ RunTime:0.001587s ]
INFO: [ app_end ] --START--
INFO: Run Behavior\ShowPageTraceBehavior [ RunTime:0.001629s ]
INFO: [ app_end ] --END-- [ RunTime:0.001863s ]

[ 2016-06-17T00:43:42+08:00 ] ::1 /share/index.php/Home/Index/index.html
INFO: [ app_init ] --START--
INFO: Run Behavior\BuildLiteBehavior [ RunTime:0.000049s ]
INFO: [ app_init ] --END-- [ RunTime:0.000929s ]
INFO: [ app_begin ] --START--
INFO: Run Behavior\ReadHtmlCacheBehavior [ RunTime:0.001304s ]
INFO: [ app_begin ] --END-- [ RunTime:0.001596s ]
SQL: SHOW COLUMNS FROM `t_artical` [ RunTime:0.0091s ]
SQL: SELECT * FROM `t_artical` INNER JOIN t_user on t_artical.userid = t_user.userid  WHERE ( upLoadType = 1 )  [ RunTime:0.0007s ]

[ 2016-06-17T00:44:52+08:00 ] ::1 /share/index.php/Home/Index/index.html
INFO: [ app_init ] --START--
INFO: Run Behavior\BuildLiteBehavior [ RunTime:0.000058s ]
INFO: [ app_init ] --END-- [ RunTime:0.001028s ]
INFO: [ app_begin ] --START--
INFO: Run Behavior\ReadHtmlCacheBehavior [ RunTime:0.001883s ]
INFO: [ app_begin ] --END-- [ RunTime:0.002221s ]
SQL: SHOW COLUMNS FROM `t_artical` [ RunTime:0.0056s ]
SQL: SELECT * FROM `t_artical` INNER JOIN t_user on t_artical.userid = t_user.userid  WHERE ( upLoadType = 1 )  [ RunTime:0.0007s ]
INFO: [ view_parse ] --START--
INFO: [ template_filter ] --START--
INFO: Run Behavior\ContentReplaceBehavior [ RunTime:0.000463s ]
INFO: [ template_filter ] --END-- [ RunTime:0.000702s ]
INFO: Run Behavior\ParseTemplateBehavior [ RunTime:0.032167s ]
INFO: [ view_parse ] --END-- [ RunTime:0.032405s ]
INFO: [ view_filter ] --START--
INFO: Run Behavior\WriteHtmlCacheBehavior [ RunTime:0.001206s ]
INFO: [ view_filter ] --END-- [ RunTime:0.001427s ]
INFO: [ app_end ] --START--
INFO: Run Behavior\ShowPageTraceBehavior [ RunTime:0.001825s ]
INFO: [ app_end ] --END-- [ RunTime:0.002086s ]

[ 2016-06-17T00:46:06+08:00 ] ::1 /share/index.php/Home/Index/index.html
INFO: [ app_init ] --START--
INFO: Run Behavior\BuildLiteBehavior [ RunTime:0.000050s ]
INFO: [ app_init ] --END-- [ RunTime:0.000964s ]
INFO: [ app_begin ] --START--
INFO: Run Behavior\ReadHtmlCacheBehavior [ RunTime:0.001959s ]
INFO: [ app_begin ] --END-- [ RunTime:0.002193s ]
SQL: SHOW COLUMNS FROM `t_artical` [ RunTime:0.0087s ]
SQL: SELECT * FROM `t_artical` INNER JOIN t_user on t_artical.userid = t_user.userid  WHERE ( upLoadType = 1 )  [ RunTime:0.0008s ]

[ 2016-06-17T00:46:37+08:00 ] ::1 /share/index.php/Home/Index/index.html
INFO: [ app_init ] --START--
INFO: Run Behavior\BuildLiteBehavior [ RunTime:0.000050s ]
INFO: [ app_init ] --END-- [ RunTime:0.000943s ]
INFO: [ app_begin ] --START--
INFO: Run Behavior\ReadHtmlCacheBehavior [ RunTime:0.001524s ]
INFO: [ app_begin ] --END-- [ RunTime:0.001758s ]
SQL: SHOW COLUMNS FROM `t_artical` [ RunTime:0.0088s ]
SQL: SELECT * FROM `t_artical` INNER JOIN t_user on t_artical.userid = t_user.userid  WHERE ( upLoadType = 1 )  [ RunTime:0.0007s ]
INFO: [ view_parse ] --START--
INFO: [ template_filter ] --START--
INFO: Run Behavior\ContentReplaceBehavior [ RunTime:0.000463s ]
INFO: [ template_filter ] --END-- [ RunTime:0.000704s ]
INFO: Run Behavior\ParseTemplateBehavior [ RunTime:0.031282s ]
INFO: [ view_parse ] --END-- [ RunTime:0.031514s ]
INFO: [ view_filter ] --START--
INFO: Run Behavior\WriteHtmlCacheBehavior [ RunTime:0.001272s ]
INFO: [ view_filter ] --END-- [ RunTime:0.001482s ]
INFO: [ app_end ] --START--
INFO: Run Behavior\ShowPageTraceBehavior [ RunTime:0.001626s ]
INFO: [ app_end ] --END-- [ RunTime:0.001847s ]

[ 2016-06-17T00:50:56+08:00 ] ::1 /share/index.php/Home/Index/index.html
INFO: [ app_init ] --START--
INFO: Run Behavior\BuildLiteBehavior [ RunTime:0.000049s ]
INFO: [ app_init ] --END-- [ RunTime:0.000961s ]
INFO: [ app_begin ] --START--
INFO: Run Behavior\ReadHtmlCacheBehavior [ RunTime:0.002082s ]
INFO: [ app_begin ] --END-- [ RunTime:0.002323s ]
SQL: SHOW COLUMNS FROM `t_artical` [ RunTime:0.0089s ]
SQL: SELECT * FROM `t_artical` INNER JOIN t_user on t_artical.userid = t_user.userid  WHERE ( upLoadType = 1 )  [ RunTime:0.0007s ]
INFO: [ view_parse ] --START--
INFO: [ template_filter ] --START--
INFO: Run Behavior\ContentReplaceBehavior [ RunTime:0.000453s ]
INFO: [ template_filter ] --END-- [ RunTime:0.000682s ]
NOTIC: [8] A non well formed numeric value encountered E:\wamp\www\share\Application\Runtime\Cache\Home\2a94b8bda04ff446dcedd42276fc99ee.php 第 247 行.
NOTIC: [8] A non well formed numeric value encountered E:\wamp\www\share\Application\Runtime\Cache\Home\2a94b8bda04ff446dcedd42276fc99ee.php 第 247 行.
NOTIC: [8] A non well formed numeric value encountered E:\wamp\www\share\Application\Runtime\Cache\Home\2a94b8bda04ff446dcedd42276fc99ee.php 第 247 行.
INFO: Run Behavior\ParseTemplateBehavior [ RunTime:0.031098s ]
INFO: [ view_parse ] --END-- [ RunTime:0.031322s ]
INFO: [ view_filter ] --START--
INFO: Run Behavior\WriteHtmlCacheBehavior [ RunTime:0.001740s ]
INFO: [ view_filter ] --END-- [ RunTime:0.001950s ]
INFO: [ app_end ] --START--
INFO: Run Behavior\ShowPageTraceBehavior [ RunTime:0.002052s ]
INFO: [ app_end ] --END-- [ RunTime:0.002285s ]

[ 2016-06-17T00:51:53+08:00 ] ::1 /share/index.php/Home/Index/index.html
INFO: [ app_init ] --START--
INFO: Run Behavior\BuildLiteBehavior [ RunTime:0.000049s ]
INFO: [ app_init ] --END-- [ RunTime:0.000962s ]
INFO: [ app_begin ] --START--
INFO: Run Behavior\ReadHtmlCacheBehavior [ RunTime:0.002016s ]
INFO: [ app_begin ] --END-- [ RunTime:0.002271s ]
SQL: SHOW COLUMNS FROM `t_artical` [ RunTime:0.0059s ]
SQL: SELECT * FROM `t_artical` INNER JOIN t_user on t_artical.userid = t_user.userid  WHERE ( upLoadType = 1 )  [ RunTime:0.0007s ]
INFO: [ view_parse ] --START--
INFO: [ template_filter ] --START--
INFO: Run Behavior\ContentReplaceBehavior [ RunTime:0.000462s ]
INFO: [ template_filter ] --END-- [ RunTime:0.000702s ]

[ 2016-06-17T00:52:27+08:00 ] ::1 /share/index.php/Home/Index/index.html
INFO: [ app_init ] --START--
INFO: Run Behavior\BuildLiteBehavior [ RunTime:0.000049s ]
INFO: [ app_init ] --END-- [ RunTime:0.000983s ]
INFO: [ app_begin ] --START--
INFO: Run Behavior\ReadHtmlCacheBehavior [ RunTime:0.002375s ]
INFO: [ app_begin ] --END-- [ RunTime:0.002676s ]
SQL: SHOW COLUMNS FROM `t_artical` [ RunTime:0.0089s ]
SQL: SELECT * FROM `t_artical` INNER JOIN t_user on t_artical.userid = t_user.userid  WHERE ( upLoadType = 1 )  [ RunTime:0.0009s ]
INFO: [ view_parse ] --START--
INFO: [ template_filter ] --START--
INFO: Run Behavior\ContentReplaceBehavior [ RunTime:0.000488s ]
INFO: [ template_filter ] --END-- [ RunTime:0.000768s ]
INFO: Run Behavior\ParseTemplateBehavior [ RunTime:0.040952s ]
INFO: [ view_parse ] --END-- [ RunTime:0.041304s ]
INFO: [ view_filter ] --START--
INFO: Run Behavior\WriteHtmlCacheBehavior [ RunTime:0.001520s ]
INFO: [ view_filter ] --END-- [ RunTime:0.001766s ]
INFO: [ app_end ] --START--
INFO: Run Behavior\ShowPageTraceBehavior [ RunTime:0.002772s ]
INFO: [ app_end ] --END-- [ RunTime:0.003096s ]

[ 2016-06-17T00:52:34+08:00 ] ::1 /share/index.php/Home/Index/index.html
INFO: [ app_init ] --START--
INFO: Run Behavior\BuildLiteBehavior [ RunTime:0.000051s ]
INFO: [ app_init ] --END-- [ RunTime:0.000988s ]
INFO: [ app_begin ] --START--
INFO: Run Behavior\ReadHtmlCacheBehavior [ RunTime:0.001967s ]
INFO: [ app_begin ] --END-- [ RunTime:0.002204s ]
SQL: SHOW COLUMNS FROM `t_artical` [ RunTime:0.0087s ]
SQL: SELECT * FROM `t_artical` INNER JOIN t_user on t_artical.userid = t_user.userid  WHERE ( upLoadType = 1 )  [ RunTime:0.0007s ]
INFO: [ view_parse ] --START--
INFO: [ template_filter ] --START--
INFO: Run Behavior\ContentReplaceBehavior [ RunTime:0.000467s ]
INFO: [ template_filter ] --END-- [ RunTime:0.000705s ]
INFO: Run Behavior\ParseTemplateBehavior [ RunTime:0.030342s ]
INFO: [ view_parse ] --END-- [ RunTime:0.030579s ]
INFO: [ view_filter ] --START--
INFO: Run Behavior\WriteHtmlCacheBehavior [ RunTime:0.001753s ]
INFO: [ view_filter ] --END-- [ RunTime:0.001969s ]
INFO: [ app_end ] --START--
INFO: Run Behavior\ShowPageTraceBehavior [ RunTime:0.002164s ]
INFO: [ app_end ] --END-- [ RunTime:0.002389s ]

[ 2016-06-17T00:53:49+08:00 ] ::1 /share/index.php/Home/Index/index.html
INFO: [ app_init ] --START--
INFO: Run Behavior\BuildLiteBehavior [ RunTime:0.000050s ]
INFO: [ app_init ] --END-- [ RunTime:0.001000s ]
INFO: [ app_begin ] --START--
INFO: Run Behavior\ReadHtmlCacheBehavior [ RunTime:0.001632s ]
INFO: [ app_begin ] --END-- [ RunTime:0.001874s ]
SQL: SHOW COLUMNS FROM `t_artical` [ RunTime:0.0055s ]
SQL: SELECT * FROM `t_artical` INNER JOIN t_user on t_artical.userid = t_user.userid  WHERE ( upLoadType = 1 )  [ RunTime:0.0007s ]
INFO: [ view_parse ] --START--
INFO: [ template_filter ] --START--
INFO: Run Behavior\ContentReplaceBehavior [ RunTime:0.000496s ]
INFO: [ template_filter ] --END-- [ RunTime:0.000764s ]
INFO: Run Behavior\ParseTemplateBehavior [ RunTime:0.031948s ]
INFO: [ view_parse ] --END-- [ RunTime:0.032176s ]
INFO: [ view_filter ] --START--
INFO: Run Behavior\WriteHtmlCacheBehavior [ RunTime:0.001319s ]
INFO: [ view_filter ] --END-- [ RunTime:0.001527s ]
INFO: [ app_end ] --START--
INFO: Run Behavior\ShowPageTraceBehavior [ RunTime:0.001757s ]
INFO: [ app_end ] --END-- [ RunTime:0.001977s ]

[ 2016-06-17T00:54:04+08:00 ] ::1 /share/index.php/Home/Index/index.html
INFO: [ app_init ] --START--
INFO: Run Behavior\BuildLiteBehavior [ RunTime:0.000049s ]
INFO: [ app_init ] --END-- [ RunTime:0.000953s ]
INFO: [ app_begin ] --START--
INFO: Run Behavior\ReadHtmlCacheBehavior [ RunTime:0.001244s ]
INFO: [ app_begin ] --END-- [ RunTime:0.001473s ]
SQL: SHOW COLUMNS FROM `t_artical` [ RunTime:0.0057s ]
SQL: SELECT * FROM `t_artical` INNER JOIN t_user on t_artical.userid = t_user.userid  WHERE ( upLoadType = 1 )  [ RunTime:0.0007s ]
INFO: [ view_parse ] --START--
INFO: [ template_filter ] --START--
INFO: Run Behavior\ContentReplaceBehavior [ RunTime:0.000469s ]
INFO: [ template_filter ] --END-- [ RunTime:0.000715s ]
INFO: Run Behavior\ParseTemplateBehavior [ RunTime:0.027766s ]
INFO: [ view_parse ] --END-- [ RunTime:0.028073s ]
INFO: [ view_filter ] --START--
INFO: Run Behavior\WriteHtmlCacheBehavior [ RunTime:0.001016s ]
INFO: [ view_filter ] --END-- [ RunTime:0.001318s ]
INFO: [ app_end ] --START--
INFO: Run Behavior\ShowPageTraceBehavior [ RunTime:0.001241s ]
INFO: [ app_end ] --END-- [ RunTime:0.001477s ]

[ 2016-06-17T00:54:15+08:00 ] ::1 /share/index.php/Home/Index/index.html
INFO: [ app_init ] --START--
INFO: Run Behavior\BuildLiteBehavior [ RunTime:0.000049s ]
INFO: [ app_init ] --END-- [ RunTime:0.000937s ]
INFO: [ app_begin ] --START--
INFO: Run Behavior\ReadHtmlCacheBehavior [ RunTime:0.001949s ]
INFO: [ app_begin ] --END-- [ RunTime:0.002198s ]
SQL: SHOW COLUMNS FROM `t_artical` [ RunTime:0.0087s ]
SQL: SELECT * FROM `t_artical` INNER JOIN t_user on t_artical.userid = t_user.userid  WHERE ( upLoadType = 1 )  [ RunTime:0.0007s ]
INFO: [ view_parse ] --START--
INFO: [ template_filter ] --START--
INFO: Run Behavior\ContentReplaceBehavior [ RunTime:0.000486s ]
INFO: [ template_filter ] --END-- [ RunTime:0.000722s ]
INFO: Run Behavior\ParseTemplateBehavior [ RunTime:0.030244s ]
INFO: [ view_parse ] --END-- [ RunTime:0.030484s ]
INFO: [ view_filter ] --START--
INFO: Run Behavior\WriteHtmlCacheBehavior [ RunTime:0.001546s ]
INFO: [ view_filter ] --END-- [ RunTime:0.001757s ]
INFO: [ app_end ] --START--
INFO: Run Behavior\ShowPageTraceBehavior [ RunTime:0.001878s ]
INFO: [ app_end ] --END-- [ RunTime:0.002096s ]

[ 2016-06-17T00:54:29+08:00 ] ::1 /share/index.php/Home/Index/index.html
INFO: [ app_init ] --START--
INFO: Run Behavior\BuildLiteBehavior [ RunTime:0.000048s ]
INFO: [ app_init ] --END-- [ RunTime:0.000925s ]
INFO: [ app_begin ] --START--
INFO: Run Behavior\ReadHtmlCacheBehavior [ RunTime:0.001631s ]
INFO: [ app_begin ] --END-- [ RunTime:0.001871s ]
SQL: SHOW COLUMNS FROM `t_artical` [ RunTime:0.0088s ]
SQL: SELECT * FROM `t_artical` INNER JOIN t_user on t_artical.userid = t_user.userid  WHERE ( upLoadType = 1 )  [ RunTime:0.0007s ]
INFO: [ view_parse ] --START--
INFO: [ template_filter ] --START--
INFO: Run Behavior\ContentReplaceBehavior [ RunTime:0.000474s ]
INFO: [ template_filter ] --END-- [ RunTime:0.000715s ]
INFO: Run Behavior\ParseTemplateBehavior [ RunTime:0.031317s ]
INFO: [ view_parse ] --END-- [ RunTime:0.031547s ]
INFO: [ view_filter ] --START--
INFO: Run Behavior\WriteHtmlCacheBehavior [ RunTime:0.001396s ]
INFO: [ view_filter ] --END-- [ RunTime:0.001629s ]
INFO: [ app_end ] --START--
INFO: Run Behavior\ShowPageTraceBehavior [ RunTime:0.001946s ]
INFO: [ app_end ] --END-- [ RunTime:0.002182s ]

[ 2016-06-17T00:56:48+08:00 ] ::1 /share/index.php/Home/Index/index.html
INFO: [ app_init ] --START--
INFO: Run Behavior\BuildLiteBehavior [ RunTime:0.000051s ]
INFO: [ app_init ] --END-- [ RunTime:0.000980s ]
INFO: [ app_begin ] --START--
INFO: Run Behavior\ReadHtmlCacheBehavior [ RunTime:0.001536s ]
INFO: [ app_begin ] --END-- [ RunTime:0.001771s ]
SQL: SHOW COLUMNS FROM `t_artical` [ RunTime:0.0087s ]
SQL: SELECT * FROM `t_artical` INNER JOIN t_user on t_artical.userid = t_user.userid  WHERE ( upLoadType = 1 )  [ RunTime:0.0007s ]
INFO: [ view_parse ] --START--
INFO: [ template_filter ] --START--
INFO: Run Behavior\ContentReplaceBehavior [ RunTime:0.000447s ]
INFO: [ template_filter ] --END-- [ RunTime:0.000698s ]
INFO: Run Behavior\ParseTemplateBehavior [ RunTime:0.034196s ]
INFO: [ view_parse ] --END-- [ RunTime:0.034435s ]
INFO: [ view_filter ] --START--
INFO: Run Behavior\WriteHtmlCacheBehavior [ RunTime:0.001361s ]
INFO: [ view_filter ] --END-- [ RunTime:0.001587s ]
INFO: [ app_end ] --START--
INFO: Run Behavior\ShowPageTraceBehavior [ RunTime:0.001842s ]
INFO: [ app_end ] --END-- [ RunTime:0.002164s ]

[ 2016-06-17T00:59:26+08:00 ] ::1 /share/index.php/Home/Index/index.html
INFO: [ app_init ] --START--
INFO: Run Behavior\BuildLiteBehavior [ RunTime:0.000051s ]
INFO: [ app_init ] --END-- [ RunTime:0.000954s ]
INFO: [ app_begin ] --START--
INFO: Run Behavior\ReadHtmlCacheBehavior [ RunTime:0.001897s ]
INFO: [ app_begin ] --END-- [ RunTime:0.002131s ]
SQL: SHOW COLUMNS FROM `t_artical` [ RunTime:0.0086s ]
SQL: SELECT * FROM `t_artical` INNER JOIN t_user on t_artical.userid = t_user.userid  WHERE ( upLoadType = 1 )  [ RunTime:0.0006s ]
SQL: SELECT * FROM `t_artical` INNER JOIN t_user on t_artical.userid = t_user.userid  WHERE ( upLoadType = 2 )  [ RunTime:0.0005s ]

[ 2016-06-17T01:03:20+08:00 ] ::1 /share/index.php/Home/Index/index.html
INFO: [ app_init ] --START--
INFO: Run Behavior\BuildLiteBehavior [ RunTime:0.000048s ]
INFO: [ app_init ] --END-- [ RunTime:0.000947s ]
INFO: [ app_begin ] --START--
INFO: Run Behavior\ReadHtmlCacheBehavior [ RunTime:0.001886s ]
INFO: [ app_begin ] --END-- [ RunTime:0.002120s ]
SQL: SHOW COLUMNS FROM `t_artical` [ RunTime:0.0088s ]
SQL: SELECT * FROM `t_artical` INNER JOIN t_user on t_artical.userid = t_user.userid  WHERE ( upLoadType = 1 )  [ RunTime:0.0007s ]
SQL: SELECT * FROM `t_artical` INNER JOIN t_user on t_artical.userid = t_user.userid  WHERE ( upLoadType = 2 )  [ RunTime:0.0005s ]
INFO: [ view_parse ] --START--
INFO: [ template_filter ] --START--
INFO: Run Behavior\ContentReplaceBehavior [ RunTime:0.000442s ]
INFO: [ template_filter ] --END-- [ RunTime:0.000669s ]
NOTIC: [8] Undefined variable: list E:\wamp\www\share\Application\Runtime\Cache\Home\2a94b8bda04ff446dcedd42276fc99ee.php 第 237 行.
NOTIC: [8] Undefined index: ArticalType E:\wamp\www\share\Application\Runtime\Cache\Home\2a94b8bda04ff446dcedd42276fc99ee.php 第 273 行.
NOTIC: [8] Undefined index: ArticalType E:\wamp\www\share\Application\Runtime\Cache\Home\2a94b8bda04ff446dcedd42276fc99ee.php 第 273 行.
NOTIC: [8] Undefined index: ArticalType E:\wamp\www\share\Application\Runtime\Cache\Home\2a94b8bda04ff446dcedd42276fc99ee.php 第 273 行.
NOTIC: [8] Undefined index: ArticalType E:\wamp\www\share\Application\Runtime\Cache\Home\2a94b8bda04ff446dcedd42276fc99ee.php 第 273 行.
INFO: Run Behavior\ParseTemplateBehavior [ RunTime:0.033025s ]
INFO: [ view_parse ] --END-- [ RunTime:0.033244s ]
INFO: [ view_filter ] --START--
INFO: Run Behavior\WriteHtmlCacheBehavior [ RunTime:0.001524s ]
INFO: [ view_filter ] --END-- [ RunTime:0.001732s ]
INFO: [ app_end ] --START--
INFO: Run Behavior\ShowPageTraceBehavior [ RunTime:0.001856s ]
INFO: [ app_end ] --END-- [ RunTime:0.002077s ]

[ 2016-06-17T01:03:36+08:00 ] ::1 /share/index.php/Home/Index/index.html
INFO: [ app_init ] --START--
INFO: Run Behavior\BuildLiteBehavior [ RunTime:0.000050s ]
INFO: [ app_init ] --END-- [ RunTime:0.000969s ]
INFO: [ app_begin ] --START--
INFO: Run Behavior\ReadHtmlCacheBehavior [ RunTime:0.002007s ]
INFO: [ app_begin ] --END-- [ RunTime:0.002254s ]
SQL: SHOW COLUMNS FROM `t_artical` [ RunTime:0.0093s ]
SQL: SELECT * FROM `t_artical` INNER JOIN t_user on t_artical.userid = t_user.userid  WHERE ( upLoadType = 1 )  [ RunTime:0.0007s ]
SQL: SELECT * FROM `t_artical` INNER JOIN t_user on t_artical.userid = t_user.userid  WHERE ( upLoadType = 2 )  [ RunTime:0.0005s ]
INFO: [ view_parse ] --START--
INFO: [ template_filter ] --START--
INFO: Run Behavior\ContentReplaceBehavior [ RunTime:0.000460s ]
INFO: [ template_filter ] --END-- [ RunTime:0.000705s ]
NOTIC: [8] Undefined index: ArticalType E:\wamp\www\share\Application\Runtime\Cache\Home\2a94b8bda04ff446dcedd42276fc99ee.php 第 273 行.
NOTIC: [8] Undefined index: ArticalType E:\wamp\www\share\Application\Runtime\Cache\Home\2a94b8bda04ff446dcedd42276fc99ee.php 第 273 行.
NOTIC: [8] Undefined index: ArticalType E:\wamp\www\share\Application\Runtime\Cache\Home\2a94b8bda04ff446dcedd42276fc99ee.php 第 273 行.
NOTIC: [8] Undefined index: ArticalType E:\wamp\www\share\Application\Runtime\Cache\Home\2a94b8bda04ff446dcedd42276fc99ee.php 第 273 行.
INFO: Run Behavior\ParseTemplateBehavior [ RunTime:0.035066s ]
INFO: [ view_parse ] --END-- [ RunTime:0.035292s ]
INFO: [ view_filter ] --START--
INFO: Run Behavior\WriteHtmlCacheBehavior [ RunTime:0.001858s ]
INFO: [ view_filter ] --END-- [ RunTime:0.002074s ]
INFO: [ app_end ] --START--
INFO: Run Behavior\ShowPageTraceBehavior [ RunTime:0.002288s ]
INFO: [ app_end ] --END-- [ RunTime:0.002533s ]

[ 2016-06-17T01:04:08+08:00 ] ::1 /share/index.php/Home/Index/index.html
INFO: [ app_init ] --START--
INFO: Run Behavior\BuildLiteBehavior [ RunTime:0.000050s ]
INFO: [ app_init ] --END-- [ RunTime:0.000948s ]
INFO: [ app_begin ] --START--
INFO: Run Behavior\ReadHtmlCacheBehavior [ RunTime:0.001778s ]
INFO: [ app_begin ] --END-- [ RunTime:0.002009s ]
SQL: SHOW COLUMNS FROM `t_artical` [ RunTime:0.0088s ]
SQL: SELECT * FROM `t_artical` INNER JOIN t_user on t_artical.userid = t_user.userid  WHERE ( upLoadType = 1 )  [ RunTime:0.0007s ]
SQL: SELECT * FROM `t_artical` INNER JOIN t_user on t_artical.userid = t_user.userid  WHERE ( upLoadType = 2 )  [ RunTime:0.0005s ]
INFO: [ view_parse ] --START--
INFO: [ template_filter ] --START--
INFO: Run Behavior\ContentReplaceBehavior [ RunTime:0.000477s ]
INFO: [ template_filter ] --END-- [ RunTime:0.000750s ]
NOTIC: [8] Undefined index: ArticalType E:\wamp\www\share\Application\Runtime\Cache\Home\2a94b8bda04ff446dcedd42276fc99ee.php 第 273 行.
NOTIC: [8] Undefined index: ArticalType E:\wamp\www\share\Application\Runtime\Cache\Home\2a94b8bda04ff446dcedd42276fc99ee.php 第 273 行.
NOTIC: [8] Undefined index: ArticalType E:\wamp\www\share\Application\Runtime\Cache\Home\2a94b8bda04ff446dcedd42276fc99ee.php 第 273 行.
NOTIC: [8] Undefined index: ArticalType E:\wamp\www\share\Application\Runtime\Cache\Home\2a94b8bda04ff446dcedd42276fc99ee.php 第 273 行.
INFO: Run Behavior\ParseTemplateBehavior [ RunTime:0.033228s ]
INFO: [ view_parse ] --END-- [ RunTime:0.033451s ]
INFO: [ view_filter ] --START--
INFO: Run Behavior\WriteHtmlCacheBehavior [ RunTime:0.001639s ]
INFO: [ view_filter ] --END-- [ RunTime:0.001849s ]
INFO: [ app_end ] --START--
INFO: Run Behavior\ShowPageTraceBehavior [ RunTime:0.002430s ]
INFO: [ app_end ] --END-- [ RunTime:0.002760s ]

[ 2016-06-17T01:04:08+08:00 ] ::1 /share/index.php/Home/Index/share/Public/upload/ArticalImg/20160616/1466081935133024.jpg
INFO: [ app_init ] --START--
INFO: Run Behavior\BuildLiteBehavior [ RunTime:0.000054s ]
INFO: [ app_init ] --END-- [ RunTime:0.001064s ]

[ 2016-06-17T01:12:23+08:00 ] ::1 /share/index.php/Home/Index/index.html
INFO: [ app_init ] --START--
INFO: Run Behavior\BuildLiteBehavior [ RunTime:0.000050s ]
INFO: [ app_init ] --END-- [ RunTime:0.000997s ]
INFO: [ app_begin ] --START--
INFO: Run Behavior\ReadHtmlCacheBehavior [ RunTime:0.001937s ]
INFO: [ app_begin ] --END-- [ RunTime:0.002174s ]
SQL: SHOW COLUMNS FROM `t_artical` [ RunTime:0.0060s ]
SQL: SELECT * FROM `t_artical` INNER JOIN t_user on t_artical.userid = t_user.userid  WHERE ( upLoadType = 1 )  [ RunTime:0.0007s ]
SQL: SELECT * FROM `t_artical` INNER JOIN t_user on t_artical.userid = t_user.userid  WHERE ( upLoadType = 2 )  [ RunTime:0.0006s ]
INFO: [ view_parse ] --START--
INFO: [ template_filter ] --START--
INFO: Run Behavior\ContentReplaceBehavior [ RunTime:0.000454s ]
INFO: [ template_filter ] --END-- [ RunTime:0.000684s ]

[ 2016-06-17T01:13:15+08:00 ] ::1 /share/index.php/Home/Index/index.html
INFO: [ app_init ] --START--
INFO: Run Behavior\BuildLiteBehavior [ RunTime:0.000050s ]
INFO: [ app_init ] --END-- [ RunTime:0.000944s ]
INFO: [ app_begin ] --START--
INFO: Run Behavior\ReadHtmlCacheBehavior [ RunTime:0.001909s ]
INFO: [ app_begin ] --END-- [ RunTime:0.002137s ]
SQL: SHOW COLUMNS FROM `t_artical` [ RunTime:0.0088s ]
SQL: SELECT * FROM `t_artical` INNER JOIN t_user on t_artical.userid = t_user.userid  WHERE ( upLoadType = 1 )  [ RunTime:0.0007s ]
SQL: SELECT * FROM `t_artical` INNER JOIN t_user on t_artical.userid = t_user.userid  WHERE ( upLoadType = 2 )  [ RunTime:0.0005s ]
INFO: [ view_parse ] --START--
INFO: [ template_filter ] --START--
INFO: Run Behavior\ContentReplaceBehavior [ RunTime:0.000450s ]
INFO: [ template_filter ] --END-- [ RunTime:0.000690s ]

[ 2016-06-17T01:13:21+08:00 ] ::1 /share/index.php/Home/Index/index.html
INFO: [ app_init ] --START--
INFO: Run Behavior\BuildLiteBehavior [ RunTime:0.000081s ]
INFO: [ app_init ] --END-- [ RunTime:0.001360s ]
INFO: [ app_begin ] --START--
INFO: Run Behavior\ReadHtmlCacheBehavior [ RunTime:0.001954s ]
INFO: [ app_begin ] --END-- [ RunTime:0.002182s ]
SQL: SHOW COLUMNS FROM `t_artical` [ RunTime:0.0087s ]
SQL: SELECT * FROM `t_artical` INNER JOIN t_user on t_artical.userid = t_user.userid  WHERE ( upLoadType = 1 )  [ RunTime:0.0007s ]
SQL: SELECT * FROM `t_artical` INNER JOIN t_user on t_artical.userid = t_user.userid  WHERE ( upLoadType = 2 )  [ RunTime:0.0006s ]
INFO: [ view_parse ] --START--
INFO: [ template_filter ] --START--
INFO: Run Behavior\ContentReplaceBehavior [ RunTime:0.000448s ]
INFO: [ template_filter ] --END-- [ RunTime:0.000678s ]

[ 2016-06-17T01:13:56+08:00 ] ::1 /share/index.php/Home/Index/index.html
INFO: [ app_init ] --START--
INFO: Run Behavior\BuildLiteBehavior [ RunTime:0.000050s ]
INFO: [ app_init ] --END-- [ RunTime:0.000946s ]
INFO: [ app_begin ] --START--
INFO: Run Behavior\ReadHtmlCacheBehavior [ RunTime:0.001947s ]
INFO: [ app_begin ] --END-- [ RunTime:0.002182s ]
SQL: SHOW COLUMNS FROM `t_artical` [ RunTime:0.0089s ]
SQL: SELECT * FROM `t_artical` INNER JOIN t_user on t_artical.userid = t_user.userid  WHERE ( upLoadType = 1 )  [ RunTime:0.0007s ]
SQL: SELECT * FROM `t_artical` INNER JOIN t_user on t_artical.userid = t_user.userid  WHERE ( upLoadType = 2 )  [ RunTime:0.0005s ]
INFO: [ view_parse ] --START--
INFO: [ template_filter ] --START--
INFO: Run Behavior\ContentReplaceBehavior [ RunTime:0.000464s ]
INFO: [ template_filter ] --END-- [ RunTime:0.000691s ]

[ 2016-06-17T01:15:31+08:00 ] ::1 /share/index.php/Home/Index/index.html
INFO: [ app_init ] --START--
INFO: Run Behavior\BuildLiteBehavior [ RunTime:0.000054s ]
INFO: [ app_init ] --END-- [ RunTime:0.001113s ]
INFO: [ app_begin ] --START--
INFO: Run Behavior\ReadHtmlCacheBehavior [ RunTime:0.001951s ]
INFO: [ app_begin ] --END-- [ RunTime:0.002198s ]
SQL: SHOW COLUMNS FROM `t_artical` [ RunTime:0.0070s ]
SQL: SELECT * FROM `t_artical` INNER JOIN t_user on t_artical.userid = t_user.userid  WHERE ( upLoadType = 1 )  [ RunTime:0.0008s ]
SQL: SELECT * FROM `t_artical` INNER JOIN t_user on t_artical.userid = t_user.userid  WHERE ( upLoadType = 2 )  [ RunTime:0.0006s ]
INFO: [ view_parse ] --START--
INFO: [ template_filter ] --START--
INFO: Run Behavior\ContentReplaceBehavior [ RunTime:0.000451s ]
INFO: [ template_filter ] --END-- [ RunTime:0.000699s ]

[ 2016-06-17T01:15:58+08:00 ] ::1 /share/index.php/Home/Index/index.html
INFO: [ app_init ] --START--
INFO: Run Behavior\BuildLiteBehavior [ RunTime:0.000051s ]
INFO: [ app_init ] --END-- [ RunTime:0.000999s ]
INFO: [ app_begin ] --START--
INFO: Run Behavior\ReadHtmlCacheBehavior [ RunTime:0.002017s ]
INFO: [ app_begin ] --END-- [ RunTime:0.002267s ]
SQL: SHOW COLUMNS FROM `t_artical` [ RunTime:0.0094s ]
SQL: SELECT * FROM `t_artical` INNER JOIN t_user on t_artical.userid = t_user.userid  WHERE ( upLoadType = 1 )  [ RunTime:0.0007s ]
SQL: SELECT * FROM `t_artical` INNER JOIN t_user on t_artical.userid = t_user.userid  WHERE ( upLoadType = 2 )  [ RunTime:0.0006s ]
INFO: [ view_parse ] --START--
INFO: [ template_filter ] --START--
INFO: Run Behavior\ContentReplaceBehavior [ RunTime:0.000688s ]
INFO: [ template_filter ] --END-- [ RunTime:0.001079s ]

[ 2016-06-17T01:16:13+08:00 ] ::1 /share/index.php/Home/Index/index.html
INFO: [ app_init ] --START--
INFO: Run Behavior\BuildLiteBehavior [ RunTime:0.000051s ]
INFO: [ app_init ] --END-- [ RunTime:0.000954s ]
INFO: [ app_begin ] --START--
INFO: Run Behavior\ReadHtmlCacheBehavior [ RunTime:0.001985s ]
INFO: [ app_begin ] --END-- [ RunTime:0.002224s ]
SQL: SHOW COLUMNS FROM `t_artical` [ RunTime:0.0069s ]
SQL: SELECT * FROM `t_artical` INNER JOIN t_user on t_artical.userid = t_user.userid  WHERE ( upLoadType = 1 )  [ RunTime:0.0007s ]
SQL: SELECT * FROM `t_artical` INNER JOIN t_user on t_artical.userid = t_user.userid  WHERE ( upLoadType = 2 )  [ RunTime:0.0006s ]
INFO: [ view_parse ] --START--
INFO: [ template_filter ] --START--
INFO: Run Behavior\ContentReplaceBehavior [ RunTime:0.000456s ]
INFO: [ template_filter ] --END-- [ RunTime:0.000711s ]

[ 2016-06-17T01:17:01+08:00 ] ::1 /share/index.php/Home/Index/index.html
INFO: [ app_init ] --START--
INFO: Run Behavior\BuildLiteBehavior [ RunTime:0.000051s ]
INFO: [ app_init ] --END-- [ RunTime:0.000963s ]
INFO: [ app_begin ] --START--
INFO: Run Behavior\ReadHtmlCacheBehavior [ RunTime:0.002703s ]
INFO: [ app_begin ] --END-- [ RunTime:0.002952s ]
SQL: SHOW COLUMNS FROM `t_artical` [ RunTime:0.0087s ]
SQL: SELECT * FROM `t_artical` INNER JOIN t_user on t_artical.userid = t_user.userid  WHERE ( upLoadType = 1 )  [ RunTime:0.0007s ]
SQL: SELECT * FROM `t_artical` INNER JOIN t_user on t_artical.userid = t_user.userid  WHERE ( upLoadType = 2 )  [ RunTime:0.0006s ]
INFO: [ view_parse ] --START--
INFO: [ template_filter ] --START--
INFO: Run Behavior\ContentReplaceBehavior [ RunTime:0.000446s ]
INFO: [ template_filter ] --END-- [ RunTime:0.000685s ]

[ 2016-06-17T01:20:19+08:00 ] ::1 /share/index.php/Home/Index/index.html
INFO: [ app_init ] --START--
INFO: Run Behavior\BuildLiteBehavior [ RunTime:0.000048s ]
INFO: [ app_init ] --END-- [ RunTime:0.000937s ]
INFO: [ app_begin ] --START--
INFO: Run Behavior\ReadHtmlCacheBehavior [ RunTime:0.001934s ]
INFO: [ app_begin ] --END-- [ RunTime:0.002173s ]
SQL: SHOW COLUMNS FROM `t_artical` [ RunTime:0.0088s ]
SQL: SELECT * FROM `t_artical` INNER JOIN t_user on t_artical.userid = t_user.userid  WHERE ( upLoadType = 1 )  [ RunTime:0.0008s ]
SQL: SELECT * FROM `t_artical` INNER JOIN t_user on t_artical.userid = t_user.userid  WHERE ( upLoadType = 2 )  [ RunTime:0.0005s ]
INFO: [ view_parse ] --START--
INFO: [ template_filter ] --START--
INFO: Run Behavior\ContentReplaceBehavior [ RunTime:0.000458s ]
INFO: [ template_filter ] --END-- [ RunTime:0.000697s ]

[ 2016-06-17T01:20:25+08:00 ] ::1 /share/index.php/Home/User/infoEdit
INFO: [ app_init ] --START--
INFO: Run Behavior\BuildLiteBehavior [ RunTime:0.000049s ]
INFO: [ app_init ] --END-- [ RunTime:0.000931s ]
INFO: [ app_begin ] --START--
INFO: Run Behavior\ReadHtmlCacheBehavior [ RunTime:0.001527s ]
INFO: [ app_begin ] --END-- [ RunTime:0.001751s ]
SQL: SHOW COLUMNS FROM `t_user` [ RunTime:0.0090s ]
SQL: SELECT * FROM `t_user` WHERE ( loginid = '1' )  [ RunTime:0.0005s ]
INFO: [ view_parse ] --START--
INFO: [ template_filter ] --START--
INFO: Run Behavior\ContentReplaceBehavior [ RunTime:0.000354s ]
INFO: [ template_filter ] --END-- [ RunTime:0.000581s ]
INFO: Run Behavior\ParseTemplateBehavior [ RunTime:0.024818s ]
INFO: [ view_parse ] --END-- [ RunTime:0.025052s ]
INFO: [ view_filter ] --START--
INFO: Run Behavior\WriteHtmlCacheBehavior [ RunTime:0.001127s ]
INFO: [ view_filter ] --END-- [ RunTime:0.001333s ]
INFO: [ app_end ] --START--
INFO: Run Behavior\ShowPageTraceBehavior [ RunTime:0.001440s ]
INFO: [ app_end ] --END-- [ RunTime:0.001662s ]

[ 2016-06-17T01:20:26+08:00 ] ::1 /share/index.php/Home/Index/index.html
INFO: [ app_init ] --START--
INFO: Run Behavior\BuildLiteBehavior [ RunTime:0.000050s ]
INFO: [ app_init ] --END-- [ RunTime:0.001020s ]
INFO: [ app_begin ] --START--
INFO: Run Behavior\ReadHtmlCacheBehavior [ RunTime:0.001445s ]
INFO: [ app_begin ] --END-- [ RunTime:0.001667s ]
SQL: SHOW COLUMNS FROM `t_artical` [ RunTime:0.0091s ]
SQL: SELECT * FROM `t_artical` INNER JOIN t_user on t_artical.userid = t_user.userid  WHERE ( upLoadType = 1 )  [ RunTime:0.0008s ]
SQL: SELECT * FROM `t_artical` INNER JOIN t_user on t_artical.userid = t_user.userid  WHERE ( upLoadType = 2 )  [ RunTime:0.0005s ]
INFO: [ view_parse ] --START--
INFO: [ template_filter ] --START--
INFO: Run Behavior\ContentReplaceBehavior [ RunTime:0.000453s ]
INFO: [ template_filter ] --END-- [ RunTime:0.000683s ]

[ 2016-06-17T01:20:35+08:00 ] ::1 /share/index.php/Home/Index/index.html
INFO: [ app_init ] --START--
INFO: Run Behavior\BuildLiteBehavior [ RunTime:0.000052s ]
INFO: [ app_init ] --END-- [ RunTime:0.001003s ]
INFO: [ app_begin ] --START--
INFO: Run Behavior\ReadHtmlCacheBehavior [ RunTime:0.001424s ]
INFO: [ app_begin ] --END-- [ RunTime:0.001663s ]
SQL: SHOW COLUMNS FROM `t_artical` [ RunTime:0.0093s ]
SQL: SELECT * FROM `t_artical` INNER JOIN t_user on t_artical.userid = t_user.userid  WHERE ( upLoadType = 1 )  [ RunTime:0.0007s ]
SQL: SELECT * FROM `t_artical` INNER JOIN t_user on t_artical.userid = t_user.userid  WHERE ( upLoadType = 2 )  [ RunTime:0.0005s ]
INFO: [ view_parse ] --START--
INFO: [ template_filter ] --START--
INFO: Run Behavior\ContentReplaceBehavior [ RunTime:0.000463s ]
INFO: [ template_filter ] --END-- [ RunTime:0.000700s ]

[ 2016-06-17T01:20:57+08:00 ] ::1 /share/index.php/Home/Index/index.html
INFO: [ app_init ] --START--
INFO: Run Behavior\BuildLiteBehavior [ RunTime:0.000055s ]
INFO: [ app_init ] --END-- [ RunTime:0.001243s ]
INFO: [ app_begin ] --START--
INFO: Run Behavior\ReadHtmlCacheBehavior [ RunTime:0.001426s ]
INFO: [ app_begin ] --END-- [ RunTime:0.001666s ]
SQL: SHOW COLUMNS FROM `t_artical` [ RunTime:0.0090s ]
SQL: SELECT * FROM `t_artical` INNER JOIN t_user on t_artical.userid = t_user.userid  WHERE ( upLoadType = 1 )  [ RunTime:0.0007s ]
SQL: SELECT * FROM `t_artical` INNER JOIN t_user on t_artical.userid = t_user.userid  WHERE ( upLoadType = 2 )  [ RunTime:0.0005s ]
INFO: [ view_parse ] --START--
INFO: [ template_filter ] --START--
INFO: Run Behavior\ContentReplaceBehavior [ RunTime:0.000448s ]
INFO: [ template_filter ] --END-- [ RunTime:0.000677s ]

[ 2016-06-17T01:21:09+08:00 ] ::1 /share/index.php/Home/Index/index.html
INFO: [ app_init ] --START--
INFO: Run Behavior\BuildLiteBehavior [ RunTime:0.000049s ]
INFO: [ app_init ] --END-- [ RunTime:0.000944s ]
INFO: [ app_begin ] --START--
INFO: Run Behavior\ReadHtmlCacheBehavior [ RunTime:0.001389s ]
INFO: [ app_begin ] --END-- [ RunTime:0.001622s ]
SQL: SHOW COLUMNS FROM `t_artical` [ RunTime:0.0094s ]
SQL: SELECT * FROM `t_artical` INNER JOIN t_user on t_artical.userid = t_user.userid  WHERE ( upLoadType = 1 )  [ RunTime:0.0007s ]
SQL: SELECT * FROM `t_artical` INNER JOIN t_user on t_artical.userid = t_user.userid  WHERE ( upLoadType = 2 )  [ RunTime:0.0006s ]
INFO: [ view_parse ] --START--
INFO: [ template_filter ] --START--
INFO: Run Behavior\ContentReplaceBehavior [ RunTime:0.000455s ]
INFO: [ template_filter ] --END-- [ RunTime:0.000719s ]

[ 2016-06-17T01:21:18+08:00 ] ::1 /share/index.php/Home/Index/index.html
INFO: [ app_init ] --START--
INFO: Run Behavior\BuildLiteBehavior [ RunTime:0.000050s ]
INFO: [ app_init ] --END-- [ RunTime:0.001178s ]
INFO: [ app_begin ] --START--
INFO: Run Behavior\ReadHtmlCacheBehavior [ RunTime:0.001431s ]
INFO: [ app_begin ] --END-- [ RunTime:0.001656s ]
SQL: SHOW COLUMNS FROM `t_artical` [ RunTime:0.0089s ]
SQL: SELECT * FROM `t_artical` INNER JOIN t_user on t_artical.userid = t_user.userid  WHERE ( upLoadType = 1 )  [ RunTime:0.0008s ]
SQL: SELECT * FROM `t_artical` INNER JOIN t_user on t_artical.userid = t_user.userid  WHERE ( upLoadType = 2 )  [ RunTime:0.0005s ]
INFO: [ view_parse ] --START--
INFO: [ template_filter ] --START--
INFO: Run Behavior\ContentReplaceBehavior [ RunTime:0.000466s ]
INFO: [ template_filter ] --END-- [ RunTime:0.000700s ]
INFO: Run Behavior\ParseTemplateBehavior [ RunTime:0.028938s ]
INFO: [ view_parse ] --END-- [ RunTime:0.029177s ]
INFO: [ view_filter ] --START--
INFO: Run Behavior\WriteHtmlCacheBehavior [ RunTime:0.001262s ]
INFO: [ view_filter ] --END-- [ RunTime:0.001487s ]
INFO: [ app_end ] --START--
INFO: Run Behavior\ShowPageTraceBehavior [ RunTime:0.001465s ]
INFO: [ app_end ] --END-- [ RunTime:0.001685s ]

[ 2016-06-17T01:21:44+08:00 ] ::1 /share/index.php/Home/Index/index.html
INFO: [ app_init ] --START--
INFO: Run Behavior\BuildLiteBehavior [ RunTime:0.000050s ]
INFO: [ app_init ] --END-- [ RunTime:0.000956s ]
INFO: [ app_begin ] --START--
INFO: Run Behavior\ReadHtmlCacheBehavior [ RunTime:0.001445s ]
INFO: [ app_begin ] --END-- [ RunTime:0.001675s ]
SQL: SHOW COLUMNS FROM `t_artical` [ RunTime:0.0066s ]
SQL: SELECT * FROM `t_artical` INNER JOIN t_user on t_artical.userid = t_user.userid  WHERE ( upLoadType = 1 )  [ RunTime:0.0006s ]
SQL: SELECT * FROM `t_artical` INNER JOIN t_user on t_artical.userid = t_user.userid  WHERE ( upLoadType = 2 )  [ RunTime:0.0005s ]
INFO: [ view_parse ] --START--
INFO: [ template_filter ] --START--
INFO: Run Behavior\ContentReplaceBehavior [ RunTime:0.000440s ]
INFO: [ template_filter ] --END-- [ RunTime:0.000667s ]

[ 2016-06-17T01:22:08+08:00 ] ::1 /share/index.php/Home/Index/index.html
INFO: [ app_init ] --START--
INFO: Run Behavior\BuildLiteBehavior [ RunTime:0.000059s ]
INFO: [ app_init ] --END-- [ RunTime:0.001035s ]
INFO: [ app_begin ] --START--
INFO: Run Behavior\ReadHtmlCacheBehavior [ RunTime:0.001429s ]
INFO: [ app_begin ] --END-- [ RunTime:0.001662s ]
SQL: SHOW COLUMNS FROM `t_artical` [ RunTime:0.0066s ]
SQL: SELECT * FROM `t_artical` INNER JOIN t_user on t_artical.userid = t_user.userid  WHERE ( upLoadType = 1 )  [ RunTime:0.0007s ]
SQL: SELECT * FROM `t_artical` INNER JOIN t_user on t_artical.userid = t_user.userid  WHERE ( upLoadType = 2 )  [ RunTime:0.0006s ]
INFO: [ view_parse ] --START--
INFO: [ template_filter ] --START--
INFO: Run Behavior\ContentReplaceBehavior [ RunTime:0.000442s ]
INFO: [ template_filter ] --END-- [ RunTime:0.000669s ]
NOTIC: [8] Undefined index: ArticalType E:\wamp\www\share\Application\Runtime\Cache\Home\2a94b8bda04ff446dcedd42276fc99ee.php 第 276 行.
NOTIC: [8] Undefined index: ArticalType E:\wamp\www\share\Application\Runtime\Cache\Home\2a94b8bda04ff446dcedd42276fc99ee.php 第 276 行.
NOTIC: [8] Undefined index: ArticalType E:\wamp\www\share\Application\Runtime\Cache\Home\2a94b8bda04ff446dcedd42276fc99ee.php 第 276 行.
NOTIC: [8] Undefined index: ArticalType E:\wamp\www\share\Application\Runtime\Cache\Home\2a94b8bda04ff446dcedd42276fc99ee.php 第 276 行.
INFO: Run Behavior\ParseTemplateBehavior [ RunTime:0.034494s ]
INFO: [ view_parse ] --END-- [ RunTime:0.034747s ]
INFO: [ view_filter ] --START--
INFO: Run Behavior\WriteHtmlCacheBehavior [ RunTime:0.001317s ]
INFO: [ view_filter ] --END-- [ RunTime:0.001532s ]
INFO: [ app_end ] --START--
INFO: Run Behavior\ShowPageTraceBehavior [ RunTime:0.001495s ]
INFO: [ app_end ] --END-- [ RunTime:0.001714s ]

[ 2016-06-17T01:22:09+08:00 ] ::1 /share/index.php/Home/Index/share/Public/upload/ArticalImg/20160616/1466081935133024.jpg
INFO: [ app_init ] --START--
INFO: Run Behavior\BuildLiteBehavior [ RunTime:0.000087s ]
INFO: [ app_init ] --END-- [ RunTime:0.001730s ]

[ 2016-06-17T01:24:00+08:00 ] ::1 /share/index.php/Home/Index/index.html
INFO: [ app_init ] --START--
INFO: Run Behavior\BuildLiteBehavior [ RunTime:0.000049s ]
INFO: [ app_init ] --END-- [ RunTime:0.000950s ]
INFO: [ app_begin ] --START--
INFO: Run Behavior\ReadHtmlCacheBehavior [ RunTime:0.001529s ]
INFO: [ app_begin ] --END-- [ RunTime:0.001776s ]
SQL: SHOW COLUMNS FROM `t_artical` [ RunTime:0.0091s ]
SQL: SELECT * FROM `t_artical` INNER JOIN t_user on t_artical.userid = t_user.userid  WHERE ( upLoadType = 1 )  [ RunTime:0.0006s ]
SQL: SELECT * FROM `t_artical` INNER JOIN t_user on t_artical.userid = t_user.userid  WHERE ( upLoadType = 2 )  [ RunTime:0.0005s ]
INFO: [ view_parse ] --START--
INFO: [ template_filter ] --START--
INFO: Run Behavior\ContentReplaceBehavior [ RunTime:0.000449s ]
INFO: [ template_filter ] --END-- [ RunTime:0.000700s ]

[ 2016-06-17T01:24:17+08:00 ] ::1 /share/index.php/Home/Index/index.html
INFO: [ app_init ] --START--
INFO: Run Behavior\BuildLiteBehavior [ RunTime:0.000050s ]
INFO: [ app_init ] --END-- [ RunTime:0.000986s ]
INFO: [ app_begin ] --START--
INFO: Run Behavior\ReadHtmlCacheBehavior [ RunTime:0.001564s ]
INFO: [ app_begin ] --END-- [ RunTime:0.001805s ]
SQL: SHOW COLUMNS FROM `t_artical` [ RunTime:0.0064s ]
SQL: SELECT * FROM `t_artical` INNER JOIN t_user on t_artical.userid = t_user.userid  WHERE ( upLoadType = 1 )  [ RunTime:0.0008s ]
SQL: SELECT * FROM `t_artical` INNER JOIN t_user on t_artical.userid = t_user.userid  WHERE ( upLoadType = 2 )  [ RunTime:0.0005s ]
INFO: [ view_parse ] --START--
INFO: [ template_filter ] --START--
INFO: Run Behavior\ContentReplaceBehavior [ RunTime:0.000471s ]
INFO: [ template_filter ] --END-- [ RunTime:0.000717s ]

[ 2016-06-17T01:24:28+08:00 ] ::1 /share/index.php/Home/Index/index.html
INFO: [ app_init ] --START--
INFO: Run Behavior\BuildLiteBehavior [ RunTime:0.000050s ]
INFO: [ app_init ] --END-- [ RunTime:0.000953s ]
INFO: [ app_begin ] --START--
INFO: Run Behavior\ReadHtmlCacheBehavior [ RunTime:0.001936s ]
INFO: [ app_begin ] --END-- [ RunTime:0.002163s ]
SQL: SHOW COLUMNS FROM `t_artical` [ RunTime:0.0063s ]
SQL: SELECT * FROM `t_artical` INNER JOIN t_user on t_artical.userid = t_user.userid  WHERE ( upLoadType = 1 )  [ RunTime:0.0007s ]
SQL: SELECT * FROM `t_artical` INNER JOIN t_user on t_artical.userid = t_user.userid  WHERE ( upLoadType = 2 )  [ RunTime:0.0005s ]
INFO: [ view_parse ] --START--
INFO: [ template_filter ] --START--
INFO: Run Behavior\ContentReplaceBehavior [ RunTime:0.000470s ]
INFO: [ template_filter ] --END-- [ RunTime:0.000748s ]
NOTIC: [8] Undefined index: ArticalType E:\wamp\www\share\Application\Runtime\Cache\Home\2a94b8bda04ff446dcedd42276fc99ee.php 第 275 行.
NOTIC: [8] Undefined index: ArticalType E:\wamp\www\share\Application\Runtime\Cache\Home\2a94b8bda04ff446dcedd42276fc99ee.php 第 275 行.
NOTIC: [8] Undefined index: ArticalType E:\wamp\www\share\Application\Runtime\Cache\Home\2a94b8bda04ff446dcedd42276fc99ee.php 第 275 行.
NOTIC: [8] Undefined index: ArticalType E:\wamp\www\share\Application\Runtime\Cache\Home\2a94b8bda04ff446dcedd42276fc99ee.php 第 275 行.
INFO: Run Behavior\ParseTemplateBehavior [ RunTime:0.034415s ]
INFO: [ view_parse ] --END-- [ RunTime:0.034641s ]
INFO: [ view_filter ] --START--
INFO: Run Behavior\WriteHtmlCacheBehavior [ RunTime:0.001571s ]
INFO: [ view_filter ] --END-- [ RunTime:0.001782s ]
INFO: [ app_end ] --START--
INFO: Run Behavior\ShowPageTraceBehavior [ RunTime:0.002023s ]
INFO: [ app_end ] --END-- [ RunTime:0.002280s ]

[ 2016-06-17T01:24:29+08:00 ] ::1 /share/index.php/Home/Index/share/Public/upload/ArticalImg/20160616/1466081935133024.jpg
INFO: [ app_init ] --START--
INFO: Run Behavior\BuildLiteBehavior [ RunTime:0.000050s ]
INFO: [ app_init ] --END-- [ RunTime:0.000970s ]

[ 2016-06-17T01:26:35+08:00 ] ::1 /share/index.php/Home/Index/index.html
INFO: [ app_init ] --START--
INFO: Run Behavior\BuildLiteBehavior [ RunTime:0.000053s ]
INFO: [ app_init ] --END-- [ RunTime:0.001007s ]
INFO: [ app_begin ] --START--
INFO: Run Behavior\ReadHtmlCacheBehavior [ RunTime:0.001567s ]
INFO: [ app_begin ] --END-- [ RunTime:0.001810s ]
SQL: SHOW COLUMNS FROM `t_artical` [ RunTime:0.0089s ]
SQL: SELECT * FROM `t_artical` INNER JOIN t_user on t_artical.userid = t_user.userid  WHERE ( upLoadType = 1 )  [ RunTime:0.0007s ]
SQL: SELECT * FROM `t_artical` INNER JOIN t_user on t_artical.userid = t_user.userid  WHERE ( upLoadType = 2 )  [ RunTime:0.0006s ]
INFO: [ view_parse ] --START--
INFO: [ template_filter ] --START--
INFO: Run Behavior\ContentReplaceBehavior [ RunTime:0.000449s ]
INFO: [ template_filter ] --END-- [ RunTime:0.000689s ]

[ 2016-06-17T01:27:12+08:00 ] ::1 /share/index.php/Home/Index/index.html
INFO: [ app_init ] --START--
INFO: Run Behavior\BuildLiteBehavior [ RunTime:0.000084s ]
INFO: [ app_init ] --END-- [ RunTime:0.002549s ]
INFO: [ app_begin ] --START--
INFO: Run Behavior\ReadHtmlCacheBehavior [ RunTime:0.002981s ]
INFO: [ app_begin ] --END-- [ RunTime:0.003410s ]
SQL: SHOW COLUMNS FROM `t_artical` [ RunTime:0.0073s ]
SQL: SELECT * FROM `t_artical` INNER JOIN t_user on t_artical.userid = t_user.userid  WHERE ( upLoadType = 1 )  [ RunTime:0.0009s ]
SQL: SELECT * FROM `t_artical` INNER JOIN t_user on t_artical.userid = t_user.userid  WHERE ( upLoadType = 2 )  [ RunTime:0.0005s ]
INFO: [ view_parse ] --START--
INFO: [ template_filter ] --START--
INFO: Run Behavior\ContentReplaceBehavior [ RunTime:0.000460s ]
INFO: [ template_filter ] --END-- [ RunTime:0.000710s ]

[ 2016-06-17T01:29:26+08:00 ] ::1 /share/index.php/Home/Index/index.html
INFO: [ app_init ] --START--
INFO: Run Behavior\BuildLiteBehavior [ RunTime:0.000052s ]
INFO: [ app_init ] --END-- [ RunTime:0.001037s ]
INFO: [ app_begin ] --START--
INFO: Run Behavior\ReadHtmlCacheBehavior [ RunTime:0.001538s ]
INFO: [ app_begin ] --END-- [ RunTime:0.001779s ]
SQL: SHOW COLUMNS FROM `t_artical` [ RunTime:0.0060s ]
SQL: SELECT * FROM `t_artical` INNER JOIN t_user on t_artical.userid = t_user.userid  WHERE ( upLoadType = 1 )  [ RunTime:0.0007s ]
SQL: SELECT * FROM `t_artical` INNER JOIN t_user on t_artical.userid = t_user.userid  WHERE ( upLoadType = 2 )  [ RunTime:0.0005s ]
INFO: [ view_parse ] --START--
NOTIC: [8] Undefined offset: 1 E:\wamp\www\share\ThinkPHP\Library\Think\Template.class.php 第 527 行.
INFO: [ template_filter ] --START--
INFO: Run Behavior\ContentReplaceBehavior [ RunTime:0.000458s ]
INFO: [ template_filter ] --END-- [ RunTime:0.000708s ]

[ 2016-06-17T01:29:35+08:00 ] ::1 /share/index.php/Home/Index/index.html
INFO: [ app_init ] --START--
INFO: Run Behavior\BuildLiteBehavior [ RunTime:0.000056s ]
INFO: [ app_init ] --END-- [ RunTime:0.001164s ]
INFO: [ app_begin ] --START--
INFO: Run Behavior\ReadHtmlCacheBehavior [ RunTime:0.001542s ]
INFO: [ app_begin ] --END-- [ RunTime:0.001773s ]
SQL: SHOW COLUMNS FROM `t_artical` [ RunTime:0.0067s ]
SQL: SELECT * FROM `t_artical` INNER JOIN t_user on t_artical.userid = t_user.userid  WHERE ( upLoadType = 1 )  [ RunTime:0.0008s ]
SQL: SELECT * FROM `t_artical` INNER JOIN t_user on t_artical.userid = t_user.userid  WHERE ( upLoadType = 2 )  [ RunTime:0.0006s ]
INFO: [ view_parse ] --START--
NOTIC: [8] Undefined offset: 1 E:\wamp\www\share\ThinkPHP\Library\Think\Template.class.php 第 527 行.
INFO: [ template_filter ] --START--
INFO: Run Behavior\ContentReplaceBehavior [ RunTime:0.000440s ]
INFO: [ template_filter ] --END-- [ RunTime:0.000667s ]

[ 2016-06-17T01:29:44+08:00 ] ::1 /share/index.php/Home/Index/index.html
INFO: [ app_init ] --START--
INFO: Run Behavior\BuildLiteBehavior [ RunTime:0.000050s ]
INFO: [ app_init ] --END-- [ RunTime:0.001028s ]
INFO: [ app_begin ] --START--
INFO: Run Behavior\ReadHtmlCacheBehavior [ RunTime:0.001622s ]
INFO: [ app_begin ] --END-- [ RunTime:0.001850s ]
SQL: SHOW COLUMNS FROM `t_artical` [ RunTime:0.0088s ]
SQL: SELECT * FROM `t_artical` INNER JOIN t_user on t_artical.userid = t_user.userid  WHERE ( upLoadType = 1 )  [ RunTime:0.0006s ]
SQL: SELECT * FROM `t_artical` INNER JOIN t_user on t_artical.userid = t_user.userid  WHERE ( upLoadType = 2 )  [ RunTime:0.0005s ]
INFO: [ view_parse ] --START--
NOTIC: [8] Undefined offset: 1 E:\wamp\www\share\ThinkPHP\Library\Think\Template.class.php 第 527 行.
INFO: [ template_filter ] --START--
INFO: Run Behavior\ContentReplaceBehavior [ RunTime:0.000443s ]
INFO: [ template_filter ] --END-- [ RunTime:0.000672s ]

[ 2016-06-17T01:29:49+08:00 ] ::1 /share/index.php/Home/Index/index.html
INFO: [ app_init ] --START--
INFO: Run Behavior\BuildLiteBehavior [ RunTime:0.000049s ]
INFO: [ app_init ] --END-- [ RunTime:0.000943s ]
INFO: [ app_begin ] --START--
INFO: Run Behavior\ReadHtmlCacheBehavior [ RunTime:0.001624s ]
INFO: [ app_begin ] --END-- [ RunTime:0.001875s ]
SQL: SHOW COLUMNS FROM `t_artical` [ RunTime:0.0062s ]
SQL: SELECT * FROM `t_artical` INNER JOIN t_user on t_artical.userid = t_user.userid  WHERE ( upLoadType = 1 )  [ RunTime:0.0006s ]
SQL: SELECT * FROM `t_artical` INNER JOIN t_user on t_artical.userid = t_user.userid  WHERE ( upLoadType = 2 )  [ RunTime:0.0005s ]
INFO: [ view_parse ] --START--
NOTIC: [8] Undefined offset: 1 E:\wamp\www\share\ThinkPHP\Library\Think\Template.class.php 第 527 行.
INFO: [ template_filter ] --START--
INFO: Run Behavior\ContentReplaceBehavior [ RunTime:0.000462s ]
INFO: [ template_filter ] --END-- [ RunTime:0.000737s ]

[ 2016-06-17T01:29:57+08:00 ] ::1 /share/index.php/Home/Index/index.html
INFO: [ app_init ] --START--
INFO: Run Behavior\BuildLiteBehavior [ RunTime:0.000052s ]
INFO: [ app_init ] --END-- [ RunTime:0.000998s ]
INFO: [ app_begin ] --START--
INFO: Run Behavior\ReadHtmlCacheBehavior [ RunTime:0.001562s ]
INFO: [ app_begin ] --END-- [ RunTime:0.001799s ]
SQL: SHOW COLUMNS FROM `t_artical` [ RunTime:0.0090s ]
SQL: SELECT * FROM `t_artical` INNER JOIN t_user on t_artical.userid = t_user.userid  WHERE ( upLoadType = 1 )  [ RunTime:0.0007s ]
SQL: SELECT * FROM `t_artical` INNER JOIN t_user on t_artical.userid = t_user.userid  WHERE ( upLoadType = 2 )  [ RunTime:0.0005s ]
INFO: [ view_parse ] --START--
INFO: [ template_filter ] --START--
INFO: Run Behavior\ContentReplaceBehavior [ RunTime:0.000476s ]
INFO: [ template_filter ] --END-- [ RunTime:0.000710s ]
NOTIC: [8] Undefined index: ArticalType E:\wamp\www\share\Application\Runtime\Cache\Home\2a94b8bda04ff446dcedd42276fc99ee.php 第 279 行.
NOTIC: [8] Undefined index: ArticalType E:\wamp\www\share\Application\Runtime\Cache\Home\2a94b8bda04ff446dcedd42276fc99ee.php 第 279 行.
NOTIC: [8] Undefined index: ArticalType E:\wamp\www\share\Application\Runtime\Cache\Home\2a94b8bda04ff446dcedd42276fc99ee.php 第 279 行.
NOTIC: [8] Undefined index: ArticalType E:\wamp\www\share\Application\Runtime\Cache\Home\2a94b8bda04ff446dcedd42276fc99ee.php 第 279 行.
INFO: Run Behavior\ParseTemplateBehavior [ RunTime:0.081019s ]
INFO: [ view_parse ] --END-- [ RunTime:0.081245s ]
INFO: [ view_filter ] --START--
INFO: Run Behavior\WriteHtmlCacheBehavior [ RunTime:0.001445s ]
INFO: [ view_filter ] --END-- [ RunTime:0.001655s ]
INFO: [ app_end ] --START--
INFO: Run Behavior\ShowPageTraceBehavior [ RunTime:0.001616s ]
INFO: [ app_end ] --END-- [ RunTime:0.001838s ]

[ 2016-06-17T01:29:58+08:00 ] ::1 /share/index.php/Home/Index/share/Public/upload/ArticalImg/20160616/1466081935133024.jpg
INFO: [ app_init ] --START--
INFO: Run Behavior\BuildLiteBehavior [ RunTime:0.000086s ]
INFO: [ app_init ] --END-- [ RunTime:0.001744s ]

[ 2016-06-17T01:30:10+08:00 ] ::1 /share/index.php/Home/Index/index.html
INFO: [ app_init ] --START--
INFO: Run Behavior\BuildLiteBehavior [ RunTime:0.000049s ]
INFO: [ app_init ] --END-- [ RunTime:0.000940s ]
INFO: [ app_begin ] --START--
INFO: Run Behavior\ReadHtmlCacheBehavior [ RunTime:0.001849s ]
INFO: [ app_begin ] --END-- [ RunTime:0.002136s ]
SQL: SHOW COLUMNS FROM `t_artical` [ RunTime:0.0092s ]
SQL: SELECT * FROM `t_artical` INNER JOIN t_user on t_artical.userid = t_user.userid  WHERE ( upLoadType = 1 )  [ RunTime:0.0007s ]
SQL: SELECT * FROM `t_artical` INNER JOIN t_user on t_artical.userid = t_user.userid  WHERE ( upLoadType = 2 )  [ RunTime:0.0005s ]
INFO: [ view_parse ] --START--
INFO: [ template_filter ] --START--
INFO: Run Behavior\ContentReplaceBehavior [ RunTime:0.000474s ]
INFO: [ template_filter ] --END-- [ RunTime:0.000748s ]
NOTIC: [8] Undefined index: ArticalType E:\wamp\www\share\Application\Runtime\Cache\Home\2a94b8bda04ff446dcedd42276fc99ee.php 第 279 行.
NOTIC: [8] Undefined index: ArticalType E:\wamp\www\share\Application\Runtime\Cache\Home\2a94b8bda04ff446dcedd42276fc99ee.php 第 279 行.
NOTIC: [8] Undefined index: ArticalType E:\wamp\www\share\Application\Runtime\Cache\Home\2a94b8bda04ff446dcedd42276fc99ee.php 第 279 行.
NOTIC: [8] Undefined index: ArticalType E:\wamp\www\share\Application\Runtime\Cache\Home\2a94b8bda04ff446dcedd42276fc99ee.php 第 279 行.
INFO: Run Behavior\ParseTemplateBehavior [ RunTime:0.036281s ]
INFO: [ view_parse ] --END-- [ RunTime:0.036504s ]
INFO: [ view_filter ] --START--
INFO: Run Behavior\WriteHtmlCacheBehavior [ RunTime:0.001392s ]
INFO: [ view_filter ] --END-- [ RunTime:0.001604s ]
INFO: [ app_end ] --START--
INFO: Run Behavior\ShowPageTraceBehavior [ RunTime:0.002147s ]
INFO: [ app_end ] --END-- [ RunTime:0.002404s ]

[ 2016-06-17T01:30:10+08:00 ] ::1 /share/index.php/Home/Index/share/Public/upload/ArticalImg/20160616/1466081935133024.jpg
INFO: [ app_init ] --START--
INFO: Run Behavior\BuildLiteBehavior [ RunTime:0.000079s ]
INFO: [ app_init ] --END-- [ RunTime:0.001317s ]

[ 2016-06-17T01:30:10+08:00 ] ::1 /share/index.php/Home/Index/haifnn
INFO: [ app_init ] --START--
INFO: Run Behavior\BuildLiteBehavior [ RunTime:0.000049s ]
INFO: [ app_init ] --END-- [ RunTime:0.000986s ]
INFO: [ app_begin ] --START--
INFO: Run Behavior\ReadHtmlCacheBehavior [ RunTime:0.002105s ]
INFO: [ app_begin ] --END-- [ RunTime:0.002422s ]
ERR: 非法操作:haifnn

[ 2016-06-17T01:31:13+08:00 ] ::1 /share/index.php/Home/Index/index.html
INFO: [ app_init ] --START--
INFO: Run Behavior\BuildLiteBehavior [ RunTime:0.000050s ]
INFO: [ app_init ] --END-- [ RunTime:0.000996s ]
INFO: [ app_begin ] --START--
INFO: Run Behavior\ReadHtmlCacheBehavior [ RunTime:0.001951s ]
INFO: [ app_begin ] --END-- [ RunTime:0.002182s ]
SQL: SHOW COLUMNS FROM `t_artical` [ RunTime:0.0088s ]
SQL: SELECT * FROM `t_artical` INNER JOIN t_user on t_artical.userid = t_user.userid  WHERE ( upLoadType = 1 )  [ RunTime:0.0007s ]
SQL: SELECT * FROM `t_artical` INNER JOIN t_user on t_artical.userid = t_user.userid  WHERE ( upLoadType = 2 )  [ RunTime:0.0005s ]
INFO: [ view_parse ] --START--
INFO: [ template_filter ] --START--
INFO: Run Behavior\ContentReplaceBehavior [ RunTime:0.000452s ]
INFO: [ template_filter ] --END-- [ RunTime:0.000701s ]
NOTIC: [8] Undefined index: ArticalType E:\wamp\www\share\Application\Runtime\Cache\Home\2a94b8bda04ff446dcedd42276fc99ee.php 第 279 行.
NOTIC: [8] Undefined index: ArticalType E:\wamp\www\share\Application\Runtime\Cache\Home\2a94b8bda04ff446dcedd42276fc99ee.php 第 279 行.
NOTIC: [8] Undefined index: ArticalType E:\wamp\www\share\Application\Runtime\Cache\Home\2a94b8bda04ff446dcedd42276fc99ee.php 第 279 行.
NOTIC: [8] Undefined index: ArticalType E:\wamp\www\share\Application\Runtime\Cache\Home\2a94b8bda04ff446dcedd42276fc99ee.php 第 279 行.
INFO: Run Behavior\ParseTemplateBehavior [ RunTime:0.035113s ]
INFO: [ view_parse ] --END-- [ RunTime:0.035334s ]
INFO: [ view_filter ] --START--
INFO: Run Behavior\WriteHtmlCacheBehavior [ RunTime:0.001724s ]
INFO: [ view_filter ] --END-- [ RunTime:0.001934s ]
INFO: [ app_end ] --START--
INFO: Run Behavior\ShowPageTraceBehavior [ RunTime:0.002128s ]
INFO: [ app_end ] --END-- [ RunTime:0.002355s ]

[ 2016-06-17T01:31:14+08:00 ] ::1 /share/index.php/Home/Index/share/Public/upload/ArticalImg/20160616/1466081935133024.jpg
INFO: [ app_init ] --START--
INFO: Run Behavior\BuildLiteBehavior [ RunTime:0.000054s ]
INFO: [ app_init ] --END-- [ RunTime:0.001125s ]

[ 2016-06-17T01:31:42+08:00 ] ::1 /share/index.php/Home/Index/index.html
INFO: [ app_init ] --START--
INFO: Run Behavior\BuildLiteBehavior [ RunTime:0.000049s ]
INFO: [ app_init ] --END-- [ RunTime:0.000944s ]
INFO: [ app_begin ] --START--
INFO: Run Behavior\ReadHtmlCacheBehavior [ RunTime:0.001919s ]
INFO: [ app_begin ] --END-- [ RunTime:0.002149s ]
SQL: SHOW COLUMNS FROM `t_artical` [ RunTime:0.0158s ]
SQL: SELECT * FROM `t_artical` INNER JOIN t_user on t_artical.userid = t_user.userid  WHERE ( upLoadType = 1 )  [ RunTime:0.0007s ]
SQL: SELECT * FROM `t_artical` INNER JOIN t_user on t_artical.userid = t_user.userid  WHERE ( upLoadType = 2 )  [ RunTime:0.0005s ]
INFO: [ view_parse ] --START--
INFO: [ template_filter ] --START--
INFO: Run Behavior\ContentReplaceBehavior [ RunTime:0.000448s ]
INFO: [ template_filter ] --END-- [ RunTime:0.000683s ]
NOTIC: [8] Undefined index: ArticalType E:\wamp\www\share\Application\Runtime\Cache\Home\2a94b8bda04ff446dcedd42276fc99ee.php 第 279 行.
NOTIC: [8] Undefined index: ArticalType E:\wamp\www\share\Application\Runtime\Cache\Home\2a94b8bda04ff446dcedd42276fc99ee.php 第 279 行.
NOTIC: [8] Undefined index: ArticalType E:\wamp\www\share\Application\Runtime\Cache\Home\2a94b8bda04ff446dcedd42276fc99ee.php 第 279 行.
NOTIC: [8] Undefined index: ArticalType E:\wamp\www\share\Application\Runtime\Cache\Home\2a94b8bda04ff446dcedd42276fc99ee.php 第 279 行.
INFO: Run Behavior\ParseTemplateBehavior [ RunTime:0.034268s ]
INFO: [ view_parse ] --END-- [ RunTime:0.034492s ]
INFO: [ view_filter ] --START--
INFO: Run Behavior\WriteHtmlCacheBehavior [ RunTime:0.001722s ]
INFO: [ view_filter ] --END-- [ RunTime:0.001932s ]
INFO: [ app_end ] --START--
INFO: Run Behavior\ShowPageTraceBehavior [ RunTime:0.001989s ]
INFO: [ app_end ] --END-- [ RunTime:0.002225s ]

[ 2016-06-17T01:31:43+08:00 ] ::1 /share/index.php/Home/Index/share/Public/upload/ArticalImg/20160616/1466081935133024.jpg
INFO: [ app_init ] --START--
INFO: Run Behavior\BuildLiteBehavior [ RunTime:0.000088s ]
INFO: [ app_init ] --END-- [ RunTime:0.001675s ]

[ 2016-06-17T01:32:20+08:00 ] ::1 /share/index.php/Home/Index/index.html
INFO: [ app_init ] --START--
INFO: Run Behavior\BuildLiteBehavior [ RunTime:0.000050s ]
INFO: [ app_init ] --END-- [ RunTime:0.000937s ]
INFO: [ app_begin ] --START--
INFO: Run Behavior\ReadHtmlCacheBehavior [ RunTime:0.001565s ]
INFO: [ app_begin ] --END-- [ RunTime:0.001802s ]
SQL: SHOW COLUMNS FROM `t_artical` [ RunTime:0.0087s ]
SQL: SELECT * FROM `t_artical` INNER JOIN t_user on t_artical.userid = t_user.userid  WHERE ( upLoadType = 1 )  [ RunTime:0.0007s ]
SQL: SELECT * FROM `t_artical` INNER JOIN t_user on t_artical.userid = t_user.userid  WHERE ( upLoadType = 2 )  [ RunTime:0.0006s ]
INFO: [ view_parse ] --START--
INFO: [ template_filter ] --START--
INFO: Run Behavior\ContentReplaceBehavior [ RunTime:0.000474s ]
INFO: [ template_filter ] --END-- [ RunTime:0.000740s ]
NOTIC: [8] Undefined index: ArticalType E:\wamp\www\share\Application\Runtime\Cache\Home\2a94b8bda04ff446dcedd42276fc99ee.php 第 279 行.
NOTIC: [8] Undefined index: ArticalType E:\wamp\www\share\Application\Runtime\Cache\Home\2a94b8bda04ff446dcedd42276fc99ee.php 第 279 行.
NOTIC: [8] Undefined index: ArticalType E:\wamp\www\share\Application\Runtime\Cache\Home\2a94b8bda04ff446dcedd42276fc99ee.php 第 279 行.
NOTIC: [8] Undefined index: ArticalType E:\wamp\www\share\Application\Runtime\Cache\Home\2a94b8bda04ff446dcedd42276fc99ee.php 第 279 行.
INFO: Run Behavior\ParseTemplateBehavior [ RunTime:0.037117s ]
INFO: [ view_parse ] --END-- [ RunTime:0.037341s ]
INFO: [ view_filter ] --START--
INFO: Run Behavior\WriteHtmlCacheBehavior [ RunTime:0.001317s ]
INFO: [ view_filter ] --END-- [ RunTime:0.001526s ]
INFO: [ app_end ] --START--
INFO: Run Behavior\ShowPageTraceBehavior [ RunTime:0.001739s ]
INFO: [ app_end ] --END-- [ RunTime:0.001969s ]

[ 2016-06-17T01:32:21+08:00 ] ::1 /share/index.php/Home/Index/share/Public/upload/ArticalImg/20160616/1466081935133024.jpg
INFO: [ app_init ] --START--
INFO: Run Behavior\BuildLiteBehavior [ RunTime:0.000050s ]
INFO: [ app_init ] --END-- [ RunTime:0.000966s ]

[ 2016-06-17T01:32:57+08:00 ] ::1 /share/index.php/Home/Index/index.html
INFO: [ app_init ] --START--
INFO: Run Behavior\BuildLiteBehavior [ RunTime:0.000049s ]
INFO: [ app_init ] --END-- [ RunTime:0.000995s ]
INFO: [ app_begin ] --START--
INFO: Run Behavior\ReadHtmlCacheBehavior [ RunTime:0.001706s ]
INFO: [ app_begin ] --END-- [ RunTime:0.002062s ]
SQL: SHOW COLUMNS FROM `t_artical` [ RunTime:0.0098s ]
SQL: SELECT * FROM `t_artical` INNER JOIN t_user on t_artical.userid = t_user.userid  WHERE ( upLoadType = 1 )  [ RunTime:0.0010s ]
SQL: SELECT * FROM `t_artical` INNER JOIN t_user on t_artical.userid = t_user.userid  WHERE ( upLoadType = 2 )  [ RunTime:0.0007s ]
INFO: [ view_parse ] --START--
INFO: [ template_filter ] --START--
INFO: Run Behavior\ContentReplaceBehavior [ RunTime:0.000615s ]
INFO: [ template_filter ] --END-- [ RunTime:0.000892s ]
NOTIC: [8] Undefined index: ArticalType E:\wamp\www\share\Application\Runtime\Cache\Home\2a94b8bda04ff446dcedd42276fc99ee.php 第 279 行.
NOTIC: [8] Undefined index: ArticalType E:\wamp\www\share\Application\Runtime\Cache\Home\2a94b8bda04ff446dcedd42276fc99ee.php 第 279 行.
NOTIC: [8] Undefined index: ArticalType E:\wamp\www\share\Application\Runtime\Cache\Home\2a94b8bda04ff446dcedd42276fc99ee.php 第 279 行.
NOTIC: [8] Undefined index: ArticalType E:\wamp\www\share\Application\Runtime\Cache\Home\2a94b8bda04ff446dcedd42276fc99ee.php 第 279 行.
INFO: Run Behavior\ParseTemplateBehavior [ RunTime:0.038599s ]
INFO: [ view_parse ] --END-- [ RunTime:0.038848s ]
INFO: [ view_filter ] --START--
INFO: Run Behavior\WriteHtmlCacheBehavior [ RunTime:0.001513s ]
INFO: [ view_filter ] --END-- [ RunTime:0.001738s ]
INFO: [ app_end ] --START--
INFO: Run Behavior\ShowPageTraceBehavior [ RunTime:0.001708s ]
INFO: [ app_end ] --END-- [ RunTime:0.001933s ]

[ 2016-06-17T01:32:58+08:00 ] ::1 /share/index.php/Home/Index/share/Public/upload/ArticalImg/20160616/1466081935133024.jpg
INFO: [ app_init ] --START--
INFO: Run Behavior\BuildLiteBehavior [ RunTime:0.000051s ]
INFO: [ app_init ] --END-- [ RunTime:0.000968s ]

