[ 2016-06-06T14:57:56+08:00 ] ::1 /share/index.php/Home/User/category.html
ERR: 非法操作:category

[ 2016-06-06T14:58:00+08:00 ] ::1 /share/index.php/Home/User/category.html
ERR: 非法操作:category

[ 2016-06-06T14:58:03+08:00 ] ::1 /share/index.php/Home/User/category.html
ERR: 非法操作:category

[ 2016-06-06T14:58:04+08:00 ] ::1 /share/index.php/Home/User/category.html
ERR: 非法操作:category

[ 2016-06-06T14:58:05+08:00 ] ::1 /share/index.php/Home/User/category.html
ERR: 非法操作:category

[ 2016-06-06T14:58:07+08:00 ] ::1 /share/index.php/Home/User/category.html
ERR: 非法操作:category

[ 2016-06-06T14:58:54+08:00 ] ::1 /share/index.php/Home/User/category.html
ERR: 非法操作:category

[ 2016-06-06T15:00:40+08:00 ] ::1 /share/index.php/Home/User/category.html
ERR: 非法操作:category

[ 2016-06-06T15:01:03+08:00 ] ::1 /share/index.php/Home/User/category.html
ERR: 非法操作:category

[ 2016-06-06T15:01:30+08:00 ] ::1 /share/index.php/Home/User/category.html
ERR: 非法操作:category

[ 2016-06-06T15:02:25+08:00 ] ::1 /share/index.php/Home/User/category.html
ERR: 非法操作:category

[ 2016-06-06T15:03:42+08:00 ] ::1 /share/index.php/Home/User/category.html
ERR: 非法操作:category

[ 2016-06-06T15:04:30+08:00 ] ::1 /share/index.php/Home/User/category.html
ERR: 非法操作:category

[ 2016-06-06T15:05:08+08:00 ] ::1 /share/index.php/Home/User/category.html
ERR: 非法操作:category

[ 2016-06-06T15:06:10+08:00 ] ::1 /share/index.php/Home/User/category.html
ERR: 非法操作:category

[ 2016-06-06T15:06:12+08:00 ] ::1 /share/index.php/Home/User/category.html
ERR: 非法操作:category

[ 2016-06-06T15:06:13+08:00 ] ::1 /share/index.php/Home/User/category.html
ERR: 非法操作:category

[ 2016-06-06T15:06:14+08:00 ] ::1 /share/index.php/Home/User/category.html
ERR: 非法操作:category

[ 2016-06-06T15:06:15+08:00 ] ::1 /share/index.php/Home/User/category.html
ERR: 非法操作:category

[ 2016-06-06T15:06:15+08:00 ] ::1 /share/index.php/Home/User/category.html
ERR: 非法操作:category

[ 2016-06-06T15:06:16+08:00 ] ::1 /share/index.php/Home/User/category.html
ERR: 非法操作:category

[ 2016-06-06T15:06:39+08:00 ] ::1 /share/index.php/Home/User/category.html
ERR: 非法操作:category

[ 2016-06-06T15:06:40+08:00 ] ::1 /share/index.php/Home/User/category.html
ERR: 非法操作:category

[ 2016-06-06T15:06:41+08:00 ] ::1 /share/index.php/Home/User/category.html
ERR: 非法操作:category

[ 2016-06-06T15:06:41+08:00 ] ::1 /share/index.php/Home/User/category.html
ERR: 非法操作:category

[ 2016-06-06T15:06:50+08:00 ] ::1 /share/index.php/Home/User/category.html
ERR: 非法操作:category

[ 2016-06-06T15:09:07+08:00 ] ::1 /share/index.php/Home/User/category.html
ERR: 非法操作:category

[ 2016-06-06T15:09:26+08:00 ] ::1 /share/index.php/Home/User/%7BU:(Index/index)%7D
ERR: 非法操作:{U:(Index

[ 2016-06-06T15:09:29+08:00 ] ::1 /share/index.php/Home/User/category.html
ERR: 非法操作:category

[ 2016-06-06T15:10:36+08:00 ] ::1 /share/index.php/Home/User/category.html
ERR: 非法操作:category

[ 2016-06-06T15:10:37+08:00 ] ::1 /share/index.php/Home/Index/category.html
ERR: 非法操作:category

[ 2016-06-06T15:12:05+08:00 ] ::1 /share/index.php/Home/Index/category.html
ERR: 非法操作:category

[ 2016-06-06T15:12:07+08:00 ] ::1 /share/index.php/Home/Index/category.html
ERR: 非法操作:category

[ 2016-06-06T15:12:08+08:00 ] ::1 /share/index.php/Home/Index/category.html
ERR: 非法操作:category

[ 2016-06-06T15:12:08+08:00 ] ::1 /share/index.php/Home/Index/category.html
ERR: 非法操作:category

[ 2016-06-06T15:12:09+08:00 ] ::1 /share/index.php/Home/Index/about.html
ERR: 非法操作:about

[ 2016-06-06T15:12:10+08:00 ] ::1 /share/index.php/Home/Index/category.html
ERR: 非法操作:category

[ 2016-06-06T15:12:11+08:00 ] ::1 /share/index.php/Home/Index/personal.html
ERR: 非法操作:personal

[ 2016-06-06T15:12:12+08:00 ] ::1 /share/index.php/Home/Index/category.html
ERR: 非法操作:category

[ 2016-06-06T15:12:38+08:00 ] ::1 /share/index.php/Home/Index/category.html
ERR: 非法操作:category

[ 2016-06-06T15:12:47+08:00 ] ::1 /share/index.php/Home/Index/category.html
ERR: 非法操作:category

[ 2016-06-06T15:13:31+08:00 ] ::1 /share/index.php/Home/Index/category.html
ERR: 非法操作:category

[ 2016-06-06T15:15:20+08:00 ] ::1 /share/index.php/Home/Index/category.html
ERR: 非法操作:category

[ 2016-06-06T15:17:21+08:00 ] ::1 /share/index.php/Home/Index/category.html
ERR: 非法操作:category

[ 2016-06-06T15:17:21+08:00 ] ::1 /share/index.php/Home/Index/new_work.html
ERR: 非法操作:new_work

[ 2016-06-06T15:18:58+08:00 ] ::1 /share/index.php/Home/Index/new_work.html
ERR: 非法操作:new_work

[ 2016-06-06T15:18:58+08:00 ] ::1 /share/index.php/Home/Index/category.html
ERR: 非法操作:category

[ 2016-06-06T15:19:29+08:00 ] ::1 /share/index.php/Home/Index/new_work.html
ERR: 非法操作:new_work

[ 2016-06-06T15:19:29+08:00 ] ::1 /share/index.php/Home/Index/category.html
ERR: 非法操作:category

[ 2016-06-06T15:20:01+08:00 ] ::1 /share/index.php/Home/Index/category.html
ERR: 非法操作:category

[ 2016-06-06T15:20:01+08:00 ] ::1 /share/index.php/Home/Index/new_work.html
ERR: 非法操作:new_work

[ 2016-06-06T15:23:02+08:00 ] ::1 /share/index.php/Home/Index/category.html
ERR: 非法操作:category

[ 2016-06-06T15:23:02+08:00 ] ::1 /share/index.php/Home/Index/new_work.html
ERR: 非法操作:new_work

[ 2016-06-06T15:23:07+08:00 ] ::1 /share/index.php/Home/Index/category.html
ERR: 非法操作:category

[ 2016-06-06T15:23:07+08:00 ] ::1 /share/index.php/Home/Index/new_work.html
ERR: 非法操作:new_work

[ 2016-06-06T15:24:34+08:00 ] ::1 /share/index.php/Home/Index/user.html
ERR: 非法操作:user

[ 2016-06-06T15:24:36+08:00 ] ::1 /share/index.php/Home/Index/new_work.html
ERR: 非法操作:new_work

[ 2016-06-06T15:24:36+08:00 ] ::1 /share/index.php/Home/Index/category.html
ERR: 非法操作:category

[ 2016-06-06T15:24:53+08:00 ] ::1 /share/index.php/Home/Index/category.html
ERR: 非法操作:category

[ 2016-06-06T15:24:53+08:00 ] ::1 /share/index.php/Home/Index/new_work.html
ERR: 非法操作:new_work

[ 2016-06-06T15:24:59+08:00 ] ::1 /share/index.php/Home/Index/user.html
ERR: 非法操作:user

[ 2016-06-06T15:25:04+08:00 ] ::1 /share/index.php/Home/Index/new_work.html
ERR: 非法操作:new_work

[ 2016-06-06T15:25:04+08:00 ] ::1 /share/index.php/Home/Index/category.html
ERR: 非法操作:category

[ 2016-06-06T15:31:21+08:00 ] ::1 /share/index.php/Home/Index/category.html
ERR: 非法操作:category

[ 2016-06-06T15:31:21+08:00 ] ::1 /share/index.php/Home/css/new_work.css
ERR: 无法加载控制器:Css

[ 2016-06-06T15:32:13+08:00 ] ::1 /share/index.php/Home/Index/category.html
ERR: 非法操作:category

[ 2016-06-06T15:32:13+08:00 ] ::1 /share/index.php/Home/css/new_work.css
ERR: 无法加载控制器:Css

[ 2016-06-06T15:32:15+08:00 ] ::1 /share/index.php/Home/Index/category.html
ERR: 非法操作:category

[ 2016-06-06T15:32:16+08:00 ] ::1 /share/index.php/Home/css/new_work.css
ERR: 无法加载控制器:Css

[ 2016-06-06T15:32:23+08:00 ] ::1 /share/index.php/Home/Index/user.html
ERR: 非法操作:user

[ 2016-06-06T15:32:24+08:00 ] ::1 /share/index.php/Home/Index/category.html
ERR: 非法操作:category

[ 2016-06-06T15:32:32+08:00 ] ::1 /share/index.php/Home/css/new_work.css
ERR: 无法加载控制器:Css

[ 2016-06-06T15:32:38+08:00 ] ::1 /share/index.php/Home/css/new_work.css
ERR: 无法加载控制器:Css

[ 2016-06-06T15:33:43+08:00 ] ::1 /share/index.php/Home/Index/category.html
ERR: 非法操作:category

[ 2016-06-06T15:33:43+08:00 ] ::1 /share/index.php/Home/css/new_work.css
ERR: 无法加载控制器:Css

[ 2016-06-06T15:33:50+08:00 ] ::1 /share/index.php/Home/css/new_work.css
ERR: 无法加载控制器:Css

[ 2016-06-06T15:34:57+08:00 ] ::1 /share/index.php/Home/Index/category.html
ERR: 非法操作:category

[ 2016-06-06T15:35:34+08:00 ] ::1 /share/index.php/Home/css/category.css
ERR: 无法加载控制器:Css

[ 2016-06-06T15:35:35+08:00 ] ::1 /share/index.php/Home/css/category.css
ERR: 无法加载控制器:Css

[ 2016-06-06T15:36:18+08:00 ] ::1 /share/index.php/Home/Index/__HOMECSS__/category.css
ERR: 非法操作:__HOMECSS__

[ 2016-06-06T16:13:08+08:00 ] ::1 /share/index.php/Home/Index/work.html
ERR: 非法操作:work

[ 2016-06-06T16:26:32+08:00 ] ::1 /share/index.php/Home/Index/user.html
ERR: 非法操作:user

[ 2016-06-06T16:32:09+08:00 ] ::1 /share/index.php/Home/Index/user.html
ERR: 非法操作:user

[ 2016-06-06T16:32:44+08:00 ] ::1 /share/index.php/Home/Index/essay.html
ERR: 非法操作:essay

[ 2016-06-06T16:32:47+08:00 ] ::1 /share/index.php/Home/Index/forum.html
ERR: 非法操作:forum

[ 2016-06-06T16:58:00+08:00 ] ::1 /share/index.php/Home/User/category.html
ERR: 非法操作:category

[ 2016-06-06T16:58:01+08:00 ] ::1 /share/index.php/Home/User/category.html
ERR: 非法操作:category

[ 2016-06-06T16:58:43+08:00 ] ::1 /share/index.php/Home/User/category.html
ERR: 非法操作:category

[ 2016-06-06T16:58:44+08:00 ] ::1 /share/index.php/Home/User/category.html
ERR: 非法操作:category

[ 2016-06-06T16:58:45+08:00 ] ::1 /share/index.php/Home/User/category.html
ERR: 非法操作:category

[ 2016-06-06T16:58:45+08:00 ] ::1 /share/index.php/Home/User/category.html
ERR: 非法操作:category

[ 2016-06-06T16:58:46+08:00 ] ::1 /share/index.php/Home/User/category.html
ERR: 非法操作:category

[ 2016-06-06T16:58:46+08:00 ] ::1 /share/index.php/Home/User/category.html
ERR: 非法操作:category

[ 2016-06-06T17:30:51+08:00 ] ::1 /share/index.php/Home/Index/work.html
ERR: 非法操作:work

[ 2016-06-06T17:30:52+08:00 ] ::1 /share/index.php/Home/Index/work.html
ERR: 非法操作:work

[ 2016-06-06T17:31:49+08:00 ] ::1 /share/index.php/Home/Index/work.html
ERR: 非法操作:work

[ 2016-06-06T17:52:13+08:00 ] ::1 /share/index.php/Home/Index/user.html
ERR: 非法操作:user

[ 2016-06-06T17:52:14+08:00 ] ::1 /share/index.php/Home/Index/user.html
ERR: 非法操作:user

