[ 2016-06-20T08:31:45+08:00 ] ::1 /share/index.php/admin
INFO: [ app_init ] --START--
INFO: Run Behavior\BuildLiteBehavior [ RunTime:0.000013s ]
INFO: [ app_init ] --END-- [ RunTime:0.000309s ]
INFO: [ app_begin ] --START--
INFO: Run Behavior\ReadHtmlCacheBehavior [ RunTime:0.000869s ]
INFO: [ app_begin ] --END-- [ RunTime:0.000989s ]
INFO: [ view_parse ] --START--
INFO: [ template_filter ] --START--
INFO: Run Behavior\ContentReplaceBehavior [ RunTime:0.000062s ]
INFO: [ template_filter ] --END-- [ RunTime:0.000130s ]
INFO: Run Behavior\ParseTemplateBehavior [ RunTime:0.006524s ]
INFO: [ view_parse ] --END-- [ RunTime:0.006587s ]
INFO: [ view_filter ] --START--
INFO: Run Behavior\WriteHtmlCacheBehavior [ RunTime:0.000153s ]
INFO: [ view_filter ] --END-- [ RunTime:0.000199s ]
INFO: [ app_end ] --START--
INFO: Run Behavior\ShowPageTraceBehavior [ RunTime:0.000484s ]
INFO: [ app_end ] --END-- [ RunTime:0.000538s ]

[ 2016-06-20T08:31:46+08:00 ] ::1 /share/index.php/Admin/User/login.html
INFO: [ app_init ] --START--
INFO: Run Behavior\BuildLiteBehavior [ RunTime:0.000188s ]
INFO: [ app_init ] --END-- [ RunTime:0.000505s ]
INFO: [ app_begin ] --START--
INFO: Run Behavior\ReadHtmlCacheBehavior [ RunTime:0.000615s ]
INFO: [ app_begin ] --END-- [ RunTime:0.000742s ]
SQL: SHOW COLUMNS FROM `t_user` [ RunTime:0.0010s ]
SQL: select * from t_login where LoginName='admin123' and LoginPwd='0192023a7bbd73250516f069df18b500' And LoginTag = 0 [ RunTime:0.0002s ]
SQL: SHOW COLUMNS FROM `t_login` [ RunTime:0.0008s ]
SQL: SELECT * FROM `t_login` WHERE ( LoginName='admin123' )  [ RunTime:0.0002s ]
SQL: SHOW COLUMNS FROM `t_login` [ RunTime:0.0013s ]
SQL: UPDATE `t_login` SET `loginNum`=loginNum+1 WHERE ( LoginName='admin123' ) [ RunTime:0.0004s ]
SQL: UPDATE `t_login` SET `lastdate`='2016-06-20 08:31:46' WHERE ( LoginName='admin123' ) [ RunTime:0.0003s ]
NOTIC: [8] A session had already been started - ignoring session_start() /Users/chenshaomin/web_homework1/share/ThinkPHP/Common/functions.php 第 1263 行.
INFO: [ view_parse ] --START--
INFO: [ template_filter ] --START--
INFO: Run Behavior\ContentReplaceBehavior [ RunTime:0.000090s ]
INFO: [ template_filter ] --END-- [ RunTime:0.000197s ]
INFO: Run Behavior\ParseTemplateBehavior [ RunTime:0.006895s ]
INFO: [ view_parse ] --END-- [ RunTime:0.006992s ]
INFO: [ view_filter ] --START--
INFO: Run Behavior\WriteHtmlCacheBehavior [ RunTime:0.000335s ]
INFO: [ view_filter ] --END-- [ RunTime:0.000436s ]
INFO: [ app_end ] --START--
INFO: Run Behavior\ShowPageTraceBehavior [ RunTime:0.000791s ]
INFO: [ app_end ] --END-- [ RunTime:0.000895s ]

[ 2016-06-20T08:31:47+08:00 ] ::1 /share/index.php/Admin/Index/index.html
INFO: [ app_init ] --START--
INFO: Run Behavior\BuildLiteBehavior [ RunTime:0.000016s ]
INFO: [ app_init ] --END-- [ RunTime:0.000372s ]
INFO: [ app_begin ] --START--
INFO: Run Behavior\ReadHtmlCacheBehavior [ RunTime:0.000485s ]
INFO: [ app_begin ] --END-- [ RunTime:0.000539s ]
SQL: SHOW COLUMNS FROM `t_login` [ RunTime:0.0011s ]
SQL: SELECT * FROM `t_login` INNER JOIN t_user ON t_login.LoginId = t_user.LoginId   [ RunTime:0.0004s ]
SQL: SELECT * FROM `t_login` WHERE ( LoginId = '1' ) LIMIT 1   [ RunTime:0.0001s ]
SQL: SHOW COLUMNS FROM `t_artical` [ RunTime:0.0009s ]
SQL: SELECT * FROM `t_artical` WHERE ( uploadtype=1 )  [ RunTime:0.0012s ]
SQL: SELECT * FROM `t_artical` WHERE ( uploadtype=2 )  [ RunTime:0.0004s ]
INFO: [ view_parse ] --START--
INFO: [ template_filter ] --START--
INFO: Run Behavior\ContentReplaceBehavior [ RunTime:0.000068s ]
INFO: [ template_filter ] --END-- [ RunTime:0.000130s ]
INFO: Run Behavior\ParseTemplateBehavior [ RunTime:0.010513s ]
INFO: [ view_parse ] --END-- [ RunTime:0.010593s ]
INFO: [ view_filter ] --START--
INFO: Run Behavior\WriteHtmlCacheBehavior [ RunTime:0.000232s ]
INFO: [ view_filter ] --END-- [ RunTime:0.000300s ]
INFO: [ app_end ] --START--
INFO: Run Behavior\ShowPageTraceBehavior [ RunTime:0.000838s ]
INFO: [ app_end ] --END-- [ RunTime:0.000926s ]

[ 2016-06-20T08:31:52+08:00 ] ::1 /share/index.php/Admin/Works/worksList.html
INFO: [ app_init ] --START--
INFO: Run Behavior\BuildLiteBehavior [ RunTime:0.000014s ]
INFO: [ app_init ] --END-- [ RunTime:0.000317s ]
INFO: [ app_begin ] --START--
INFO: Run Behavior\ReadHtmlCacheBehavior [ RunTime:0.000414s ]
INFO: [ app_begin ] --END-- [ RunTime:0.000466s ]
SQL: SHOW COLUMNS FROM `t_login` [ RunTime:0.0019s ]
SQL: SELECT COUNT(*) AS tp_count FROM `t_login` RIGHT JOIN t_user ON t_login.Loginid = t_user.Loginid RIGHT JOIN t_artical ON t_user.userid = t_artical.userid  WHERE ( upLoadType = 1 ) LIMIT 1   [ RunTime:0.0003s ]
SQL: SELECT * FROM `t_login` RIGHT JOIN t_user ON t_login.Loginid = t_user.Loginid RIGHT JOIN t_artical ON t_user.userid = t_artical.userid  WHERE ( upLoadType = 1 ) LIMIT 0,5   [ RunTime:0.0007s ]
INFO: [ view_parse ] --START--
INFO: [ template_filter ] --START--
INFO: Run Behavior\ContentReplaceBehavior [ RunTime:0.000074s ]
INFO: [ template_filter ] --END-- [ RunTime:0.000142s ]
INFO: Run Behavior\ParseTemplateBehavior [ RunTime:0.011157s ]
INFO: [ view_parse ] --END-- [ RunTime:0.011237s ]
INFO: [ view_filter ] --START--
INFO: Run Behavior\WriteHtmlCacheBehavior [ RunTime:0.000188s ]
INFO: [ view_filter ] --END-- [ RunTime:0.000241s ]
INFO: [ app_end ] --START--
INFO: Run Behavior\ShowPageTraceBehavior [ RunTime:0.000795s ]
INFO: [ app_end ] --END-- [ RunTime:0.000910s ]

[ 2016-06-20T08:31:56+08:00 ] ::1 /share/index.php/Admin/Works/worksList/p/2.html
INFO: [ app_init ] --START--
INFO: Run Behavior\BuildLiteBehavior [ RunTime:0.000014s ]
INFO: [ app_init ] --END-- [ RunTime:0.000314s ]
INFO: [ app_begin ] --START--
INFO: Run Behavior\ReadHtmlCacheBehavior [ RunTime:0.000486s ]
INFO: [ app_begin ] --END-- [ RunTime:0.000559s ]
SQL: SHOW COLUMNS FROM `t_login` [ RunTime:0.0019s ]
SQL: SELECT COUNT(*) AS tp_count FROM `t_login` RIGHT JOIN t_user ON t_login.Loginid = t_user.Loginid RIGHT JOIN t_artical ON t_user.userid = t_artical.userid  WHERE ( upLoadType = 1 ) LIMIT 1   [ RunTime:0.0003s ]
SQL: SELECT * FROM `t_login` RIGHT JOIN t_user ON t_login.Loginid = t_user.Loginid RIGHT JOIN t_artical ON t_user.userid = t_artical.userid  WHERE ( upLoadType = 1 ) LIMIT 5,5   [ RunTime:0.0005s ]
INFO: [ view_parse ] --START--
INFO: [ template_filter ] --START--
INFO: Run Behavior\ContentReplaceBehavior [ RunTime:0.000068s ]
INFO: [ template_filter ] --END-- [ RunTime:0.000131s ]
INFO: Run Behavior\ParseTemplateBehavior [ RunTime:0.010571s ]
INFO: [ view_parse ] --END-- [ RunTime:0.010626s ]
INFO: [ view_filter ] --START--
INFO: Run Behavior\WriteHtmlCacheBehavior [ RunTime:0.000142s ]
INFO: [ view_filter ] --END-- [ RunTime:0.000187s ]
INFO: [ app_end ] --START--
INFO: Run Behavior\ShowPageTraceBehavior [ RunTime:0.000440s ]
INFO: [ app_end ] --END-- [ RunTime:0.000485s ]

[ 2016-06-20T08:31:58+08:00 ] ::1 /share/index.php/Admin/Works/editWorks/id/66
INFO: [ app_init ] --START--
INFO: Run Behavior\BuildLiteBehavior [ RunTime:0.000013s ]
INFO: [ app_init ] --END-- [ RunTime:0.000310s ]
INFO: [ app_begin ] --START--
INFO: Run Behavior\ReadHtmlCacheBehavior [ RunTime:0.000455s ]
INFO: [ app_begin ] --END-- [ RunTime:0.000541s ]
SQL: SHOW COLUMNS FROM `t_artical` [ RunTime:0.0010s ]
SQL: SELECT * FROM `t_artical` WHERE ( ariticalid = '66' ) LIMIT 1   [ RunTime:0.0002s ]
INFO: [ view_parse ] --START--
INFO: [ template_filter ] --START--
INFO: Run Behavior\ContentReplaceBehavior [ RunTime:0.000066s ]
INFO: [ template_filter ] --END-- [ RunTime:0.000127s ]
INFO: Run Behavior\ParseTemplateBehavior [ RunTime:0.008719s ]
INFO: [ view_parse ] --END-- [ RunTime:0.008773s ]
INFO: [ view_filter ] --START--
INFO: Run Behavior\WriteHtmlCacheBehavior [ RunTime:0.000149s ]
INFO: [ view_filter ] --END-- [ RunTime:0.000192s ]
INFO: [ app_end ] --START--
INFO: Run Behavior\ShowPageTraceBehavior [ RunTime:0.000449s ]
INFO: [ app_end ] --END-- [ RunTime:0.000496s ]

[ 2016-06-20T08:32:12+08:00 ] ::1 /share/index.php/Admin/Works/worksList.html
INFO: [ app_init ] --START--
INFO: Run Behavior\BuildLiteBehavior [ RunTime:0.000015s ]
INFO: [ app_init ] --END-- [ RunTime:0.000325s ]
INFO: [ app_begin ] --START--
INFO: Run Behavior\ReadHtmlCacheBehavior [ RunTime:0.000414s ]
INFO: [ app_begin ] --END-- [ RunTime:0.000466s ]
SQL: SHOW COLUMNS FROM `t_login` [ RunTime:0.0019s ]
SQL: SELECT COUNT(*) AS tp_count FROM `t_login` RIGHT JOIN t_user ON t_login.Loginid = t_user.Loginid RIGHT JOIN t_artical ON t_user.userid = t_artical.userid  WHERE ( upLoadType = 1 ) LIMIT 1   [ RunTime:0.0003s ]
SQL: SELECT * FROM `t_login` RIGHT JOIN t_user ON t_login.Loginid = t_user.Loginid RIGHT JOIN t_artical ON t_user.userid = t_artical.userid  WHERE ( upLoadType = 1 ) LIMIT 0,5   [ RunTime:0.0007s ]
INFO: [ view_parse ] --START--
INFO: [ template_filter ] --START--
INFO: Run Behavior\ContentReplaceBehavior [ RunTime:0.000070s ]
INFO: [ template_filter ] --END-- [ RunTime:0.000135s ]
INFO: Run Behavior\ParseTemplateBehavior [ RunTime:0.010774s ]
INFO: [ view_parse ] --END-- [ RunTime:0.010831s ]
INFO: [ view_filter ] --START--
INFO: Run Behavior\WriteHtmlCacheBehavior [ RunTime:0.000144s ]
INFO: [ view_filter ] --END-- [ RunTime:0.000187s ]
INFO: [ app_end ] --START--
INFO: Run Behavior\ShowPageTraceBehavior [ RunTime:0.000665s ]
INFO: [ app_end ] --END-- [ RunTime:0.000753s ]

[ 2016-06-20T08:32:17+08:00 ] ::1 /share/index.php/Admin/User/UserList.html
INFO: [ app_init ] --START--
INFO: Run Behavior\BuildLiteBehavior [ RunTime:0.000023s ]
INFO: [ app_init ] --END-- [ RunTime:0.000429s ]
INFO: [ app_begin ] --START--
INFO: Run Behavior\ReadHtmlCacheBehavior [ RunTime:0.000480s ]
INFO: [ app_begin ] --END-- [ RunTime:0.000537s ]
SQL: SHOW COLUMNS FROM `t_login` [ RunTime:0.0010s ]
SQL: SELECT COUNT(*) AS tp_count FROM `t_login` INNER JOIN t_user ON t_login.Loginid = t_user.Loginid  WHERE ( t_login.loginstatus = 0 ) LIMIT 1   [ RunTime:0.0003s ]
SQL: SELECT * FROM `t_login` RIGHT JOIN t_user ON t_login.Loginid = t_user.Loginid  WHERE ( t_login.LoginTag = 1 ) LIMIT 0,10   [ RunTime:0.0003s ]
INFO: [ view_parse ] --START--
INFO: [ template_filter ] --START--
INFO: Run Behavior\ContentReplaceBehavior [ RunTime:0.000092s ]
INFO: [ template_filter ] --END-- [ RunTime:0.000157s ]
INFO: Run Behavior\ParseTemplateBehavior [ RunTime:0.011967s ]
INFO: [ view_parse ] --END-- [ RunTime:0.012029s ]
INFO: [ view_filter ] --START--
INFO: Run Behavior\WriteHtmlCacheBehavior [ RunTime:0.000150s ]
INFO: [ view_filter ] --END-- [ RunTime:0.000195s ]
INFO: [ app_end ] --START--
INFO: Run Behavior\ShowPageTraceBehavior [ RunTime:0.000480s ]
INFO: [ app_end ] --END-- [ RunTime:0.000531s ]

[ 2016-06-20T08:32:33+08:00 ] ::1 /share/index.php/Admin/User/userUnLock/id/26
INFO: [ app_init ] --START--
INFO: Run Behavior\BuildLiteBehavior [ RunTime:0.000015s ]
INFO: [ app_init ] --END-- [ RunTime:0.000338s ]
INFO: [ app_begin ] --START--
INFO: Run Behavior\ReadHtmlCacheBehavior [ RunTime:0.000420s ]
INFO: [ app_begin ] --END-- [ RunTime:0.000471s ]
SQL: SHOW COLUMNS FROM `t_login` [ RunTime:0.0010s ]
SQL: SHOW COLUMNS FROM `t_user` [ RunTime:0.0010s ]
SQL: UPDATE `t_user` SET `tag`='1' WHERE ( loginid = '26' ) [ RunTime:0.0004s ]
SQL: UPDATE `t_login` SET `LoginStatus`='0' WHERE ( loginid = '26' ) [ RunTime:0.0003s ]

[ 2016-06-20T08:32:33+08:00 ] ::1 /share/index.php/Admin/User/userlist.html
INFO: [ app_init ] --START--
INFO: Run Behavior\BuildLiteBehavior [ RunTime:0.000013s ]
INFO: [ app_init ] --END-- [ RunTime:0.000316s ]
INFO: [ app_begin ] --START--
INFO: Run Behavior\ReadHtmlCacheBehavior [ RunTime:0.000407s ]
INFO: [ app_begin ] --END-- [ RunTime:0.000459s ]
SQL: SHOW COLUMNS FROM `t_login` [ RunTime:0.0011s ]
SQL: SELECT COUNT(*) AS tp_count FROM `t_login` INNER JOIN t_user ON t_login.Loginid = t_user.Loginid  WHERE ( t_login.loginstatus = 0 ) LIMIT 1   [ RunTime:0.0002s ]
SQL: SELECT * FROM `t_login` RIGHT JOIN t_user ON t_login.Loginid = t_user.Loginid  WHERE ( t_login.LoginTag = 1 ) LIMIT 0,10   [ RunTime:0.0004s ]
INFO: [ view_parse ] --START--
INFO: [ template_filter ] --START--
INFO: Run Behavior\ContentReplaceBehavior [ RunTime:0.000067s ]
INFO: [ template_filter ] --END-- [ RunTime:0.000132s ]
INFO: Run Behavior\ParseTemplateBehavior [ RunTime:0.011004s ]
INFO: [ view_parse ] --END-- [ RunTime:0.011062s ]
INFO: [ view_filter ] --START--
INFO: Run Behavior\WriteHtmlCacheBehavior [ RunTime:0.000144s ]
INFO: [ view_filter ] --END-- [ RunTime:0.000188s ]
INFO: [ app_end ] --START--
INFO: Run Behavior\ShowPageTraceBehavior [ RunTime:0.000440s ]
INFO: [ app_end ] --END-- [ RunTime:0.000487s ]

[ 2016-06-20T08:32:34+08:00 ] ::1 /share/index.php/Admin/User/userDel/id/26
INFO: [ app_init ] --START--
INFO: Run Behavior\BuildLiteBehavior [ RunTime:0.000016s ]
INFO: [ app_init ] --END-- [ RunTime:0.000389s ]
INFO: [ app_begin ] --START--
INFO: Run Behavior\ReadHtmlCacheBehavior [ RunTime:0.000421s ]
INFO: [ app_begin ] --END-- [ RunTime:0.000473s ]
SQL: SHOW COLUMNS FROM `t_login` [ RunTime:0.0019s ]
SQL: SHOW COLUMNS FROM `t_user` [ RunTime:0.0010s ]
SQL: UPDATE `t_user` SET `tag`='0' WHERE ( loginid = '26' ) [ RunTime:0.0003s ]
SQL: UPDATE `t_login` SET `LoginStatus`='1' WHERE ( loginid = '26' ) [ RunTime:0.0004s ]

[ 2016-06-20T08:32:34+08:00 ] ::1 /share/index.php/Admin/User/userlist.html
INFO: [ app_init ] --START--
INFO: Run Behavior\BuildLiteBehavior [ RunTime:0.000015s ]
INFO: [ app_init ] --END-- [ RunTime:0.000360s ]
INFO: [ app_begin ] --START--
INFO: Run Behavior\ReadHtmlCacheBehavior [ RunTime:0.000462s ]
INFO: [ app_begin ] --END-- [ RunTime:0.000521s ]
SQL: SHOW COLUMNS FROM `t_login` [ RunTime:0.0009s ]
SQL: SELECT COUNT(*) AS tp_count FROM `t_login` INNER JOIN t_user ON t_login.Loginid = t_user.Loginid  WHERE ( t_login.loginstatus = 0 ) LIMIT 1   [ RunTime:0.0002s ]
SQL: SELECT * FROM `t_login` RIGHT JOIN t_user ON t_login.Loginid = t_user.Loginid  WHERE ( t_login.LoginTag = 1 ) LIMIT 0,10   [ RunTime:0.0003s ]
INFO: [ view_parse ] --START--
INFO: [ template_filter ] --START--
INFO: Run Behavior\ContentReplaceBehavior [ RunTime:0.000068s ]
INFO: [ template_filter ] --END-- [ RunTime:0.000138s ]
INFO: Run Behavior\ParseTemplateBehavior [ RunTime:0.011184s ]
INFO: [ view_parse ] --END-- [ RunTime:0.011249s ]
INFO: [ view_filter ] --START--
INFO: Run Behavior\WriteHtmlCacheBehavior [ RunTime:0.000148s ]
INFO: [ view_filter ] --END-- [ RunTime:0.000192s ]
INFO: [ app_end ] --START--
INFO: Run Behavior\ShowPageTraceBehavior [ RunTime:0.000439s ]
INFO: [ app_end ] --END-- [ RunTime:0.000486s ]

